X	Y	LS	lowCI	upCI	Xs	Ys	Len	Delay	P	PCC	Ppcc	SPCC	Pspcc	Dspcc	SCC	Pscc	SSCC	Psscc	Dsscc	Q	Qpcc	Qspcc	Qscc	Qsscc	Xi	Yi
CTDTMPbin0	CTDSALbin0	0.293125	0.293125	0.293125	2	2	2	0	0.687000	0.601322	0.398678	0.601322	0.398678	0	0.200000	0.800000	0.200000	0.800000	0	0.983012	0.556912	0.556912	0.327044	0.327044	1	2
CTDTMPbin0	CTDOXYbin0	0.323625	0.323625	0.323625	1	1	4	0	0.657000	0.363552	0.636448	0.363552	0.636448	0	0.600000	0.400000	0.600000	0.400000	0	0.983012	0.593005	0.593005	0.288889	0.288889	1	3
CTDTMPbin0	THETAbin0	0.586251	0.586251	0.586251	1	1	4	0	0.093000	0.999997	0.000003	0.999997	0.000003	0	1.000000	0.000000	1.000000	0.000000	0	0.767813	0.000335	0.000335	0.000000	0.000000	1	4
CTDTMPbin0	SALNTYbin0	-0.268771	-0.268771	-0.268771	4	4	1	0	0.844000	0.228191	0.771809	0.228191	0.771809	0	-0.400000	0.600000	-0.400000	0.600000	0	0.983012	0.615444	0.615444	0.301974	0.301974	1	5
CTDTMPbin0	OXYGENbin0	-0.349677	-0.349677	-0.349677	2	2	2	0	0.518000	-0.867616	0.132384	-0.867616	0.132384	0	-0.400000	0.600000	-0.400000	0.600000	0	0.983012	0.404615	0.404615	0.301974	0.301974	1	6
CTDTMPbin0	SILCATbin0	-0.586251	-0.586251	-0.586251	1	1	4	0	0.087000	-0.985687	0.014313	-0.985687	0.014313	0	-1.000000	0.000000	-1.000000	0.000000	0	0.767813	0.182889	0.182889	0.000000	0.000000	1	7
CTDTMPbin0	NO2+NO3bin0	-0.586251	-0.586251	-0.586251	1	1	4	0	0.086000	-0.994120	0.005880	-0.994120	0.005880	0	-1.000000	0.000000	-1.000000	0.000000	0	0.767813	0.104030	0.104030	0.000000	0.000000	1	8
CTDTMPbin0	PHSPHTbin0	-0.586251	-0.586251	-0.586251	1	1	4	0	0.088000	-0.932887	0.067113	-0.932887	0.067113	0	-1.000000	0.000000	-1.000000	0.000000	0	0.767813	0.324668	0.324668	0.000000	0.000000	1	9
CTDTMPbin0	CTDTMPbin1	-0.454938	-0.454938	-0.454938	1	1	4	0	0.348000	-0.337008	0.662992	-0.337008	0.662992	0	-0.800000	0.200000	-0.800000	0.200000	0	0.767813	0.595657	0.595657	0.220339	0.220339	1	10
CTDTMPbin0	CTDSALbin1	-0.268771	-0.268771	-0.268771	4	4	1	0	0.835000	-0.143241	0.856759	-0.143241	0.856759	0	-0.200000	0.800000	-0.200000	0.800000	0	0.983012	0.626452	0.626452	0.327044	0.327044	1	11
CTDTMPbin0	CTDOXYbin1	0.268771	0.268771	0.268771	4	4	1	0	0.908000	-0.166642	0.833358	-0.166642	0.833358	0	0.200000	0.800000	0.200000	0.800000	0	0.983012	0.626452	0.626452	0.327044	0.327044	1	12
CTDTMPbin0	THETAbin1	-0.454938	-0.454938	-0.454938	1	1	4	0	0.370000	-0.341012	0.658988	-0.341012	0.658988	0	-0.800000	0.200000	-0.800000	0.200000	0	0.801667	0.595657	0.595657	0.220339	0.220339	1	13
CTDTMPbin0	SALNTYbin1	-0.349677	-0.349677	-0.349677	2	2	2	0	0.536000	-0.563571	0.436429	-0.563571	0.436429	0	-0.400000	0.600000	-0.400000	0.600000	0	0.983012	0.565599	0.565599	0.301974	0.301974	1	14
CTDTMPbin0	OXYGENbin1	-0.293125	-0.293125	-0.293125	2	2	2	0	0.741000	-0.762194	0.237806	-0.762194	0.237806	0	-0.200000	0.800000	-0.200000	0.800000	0	0.983012	0.478364	0.478364	0.327044	0.327044	1	15
CTDTMPbin0	SILCATbin1	-0.268771	-0.268771	-0.268771	4	4	1	0	0.840000	-0.096026	0.903974	-0.096026	0.903974	0	-0.400000	0.600000	-0.400000	0.600000	0	0.983012	0.630042	0.630042	0.301974	0.301974	1	16
CTDTMPbin0	NO2+NO3bin1	-0.268771	-0.268771	-0.268771	4	4	1	0	0.845000	-0.116070	0.883930	-0.116070	0.883930	0	-0.400000	0.600000	-0.400000	0.600000	0	0.983012	0.626452	0.626452	0.301974	0.301974	1	17
CTDTMPbin0	PHSPHTbin1	-0.268771	-0.268771	-0.268771	4	4	1	0	0.825000	-0.048319	0.951681	-0.048319	0.951681	0	-0.400000	0.600000	-0.400000	0.600000	0	0.983012	0.643202	0.643202	0.301974	0.301974	1	18
CTDTMPbin0	CTDTMPbin2	-0.268771	-0.268771	-0.268771	4	4	1	0	0.844000	-0.111473	0.888527	-0.111473	0.888527	0	-0.400000	0.600000	-0.400000	0.600000	0	0.983012	0.626452	0.626452	0.301974	0.301974	1	19
CTDTMPbin0	CTDSALbin2	-0.454938	-0.454938	-0.454938	1	1	4	0	0.329000	-0.034401	0.965599	-0.034401	0.965599	0	-0.800000	0.200000	-0.800000	0.200000	0	0.767813	0.643202	0.643202	0.220339	0.220339	1	20
CTDTMPbin0	CTDOXYbin2	-0.454938	-0.454938	-0.454938	1	1	4	0	0.348000	-0.163199	0.836801	-0.163199	0.836801	0	-0.800000	0.200000	-0.800000	0.200000	0	0.767813	0.626452	0.626452	0.220339	0.220339	1	21
CTDTMPbin0	THETAbin2	-0.268771	-0.268771	-0.268771	4	4	1	0	0.834000	-0.117773	0.882227	-0.117773	0.882227	0	-0.200000	0.800000	-0.200000	0.800000	0	0.983012	0.626452	0.626452	0.327044	0.327044	1	22
CTDTMPbin0	SALNTYbin2	0.174839	0.174839	0.174839	3	3	2	0	0.672000	0.704168	0.502640	0.704168	0.502640	0	0.500000	0.666667	0.500000	0.666667	0	0.983012	0.565599	0.565599	0.301974	0.301974	1	23
CTDTMPbin0	OXYGENbin2	-0.227469	-0.227469	-0.227469	1	1	4	0	0.500000	-0.985573	0.108269	-0.985573	0.108269	0	-1.000000	0.000000	-1.000000	0.000000	0	0.983012	0.363600	0.363600	0.000000	0.000000	1	24
CTDTMPbin0	SILCATbin2	0.268771	0.268771	0.268771	4	4	1	0	0.927000	-0.230067	0.769933	-0.230067	0.769933	0	0.400000	0.600000	0.400000	0.600000	0	0.983012	0.615444	0.615444	0.301974	0.301974	1	25
CTDTMPbin0	NO2+NO3bin2	0.268771	0.268771	0.268771	4	4	1	0	0.919000	-0.131233	0.868767	-0.131233	0.868767	0	0.400000	0.600000	0.400000	0.600000	0	0.983012	0.626452	0.626452	0.301974	0.301974	1	26
CTDTMPbin0	PHSPHTbin2	0.161812	0.161812	0.161812	3	3	2	0	1.000000	0.314661	0.685339	0.314661	0.685339	0	0.000000	1.000000	0.000000	1.000000	0	1.000000	0.602376	0.602376	0.377907	0.377907	1	27
CTDSALbin0	CTDOXYbin0	-0.268771	-0.268771	-0.268771	1	1	1	0	0.778000	0.021215	0.978785	0.021215	0.978785	0	-0.200000	0.800000	-0.200000	0.800000	0	0.983012	0.643202	0.643202	0.327044	0.327044	2	3
CTDSALbin0	THETAbin0	0.293125	0.293125	0.293125	2	2	2	0	0.620000	0.599521	0.400479	0.599521	0.400479	0	0.200000	0.800000	0.200000	0.800000	0	0.983012	0.556912	0.556912	0.327044	0.327044	2	4
CTDSALbin0	SALNTYbin0	0.454938	0.454938	0.454938	1	1	4	0	0.368000	0.900678	0.099322	0.900678	0.099322	0	0.800000	0.200000	0.800000	0.200000	0	0.801667	0.351448	0.351448	0.220339	0.220339	2	5
CTDSALbin0	OXYGENbin0	-0.454938	-0.454938	-0.454938	1	1	4	0	0.290000	-0.889339	0.110661	-0.889339	0.110661	0	-0.800000	0.200000	-0.800000	0.200000	0	0.767813	0.363600	0.363600	0.220339	0.220339	2	6
CTDSALbin0	SILCATbin0	-0.293125	-0.293125	-0.293125	2	2	2	0	0.678000	-0.458177	0.541823	-0.458177	0.541823	0	-0.200000	0.800000	-0.200000	0.800000	0	0.983012	0.574283	0.574283	0.327044	0.327044	2	7
CTDSALbin0	NO2+NO3bin0	-0.293125	-0.293125	-0.293125	2	2	2	0	0.656000	-0.512285	0.487715	-0.512285	0.487715	0	-0.200000	0.800000	-0.200000	0.800000	0	0.983012	0.565599	0.565599	0.327044	0.327044	2	8
CTDSALbin0	PHSPHTbin0	-0.293125	-0.293125	-0.293125	2	2	2	0	0.657000	-0.281406	0.718594	-0.281406	0.718594	0	-0.200000	0.800000	-0.200000	0.800000	0	0.983012	0.609877	0.609877	0.327044	0.327044	2	9
CTDSALbin0	CTDTMPbin1	0.268771	0.268771	0.268771	1	1	1	0	0.914000	0.430336	0.569664	0.430336	0.569664	0	0.400000	0.600000	0.400000	0.600000	0	0.983012	0.584363	0.584363	0.301974	0.301974	2	10
CTDSALbin0	CTDSALbin1	0.323625	0.323625	0.323625	1	1	4	0	0.599000	0.614382	0.385618	0.614382	0.385618	0	0.600000	0.400000	0.600000	0.400000	0	0.983012	0.556912	0.556912	0.288889	0.288889	2	11
CTDSALbin0	CTDOXYbin1	-0.323625	-0.323625	-0.323625	1	1	4	0	0.585000	-0.752567	0.247433	-0.752567	0.247433	0	-0.600000	0.400000	-0.600000	0.400000	0	0.983012	0.484716	0.484716	0.288889	0.288889	2	12
CTDSALbin0	THETAbin1	0.268771	0.268771	0.268771	1	1	1	0	0.921000	0.425799	0.574201	0.425799	0.574201	0	0.400000	0.600000	0.400000	0.600000	0	0.983012	0.584363	0.584363	0.301974	0.301974	2	13
CTDSALbin0	SALNTYbin1	-0.454938	-0.454938	-0.454938	1	1	4	0	0.277000	-0.972646	0.027354	-0.972646	0.027354	0	-0.800000	0.200000	-0.800000	0.200000	0	0.767813	0.263651	0.263651	0.220339	0.220339	2	14
CTDSALbin0	OXYGENbin1	-0.586251	-0.586251	-0.586251	1	1	4	0	0.090000	-0.971342	0.028658	-0.971342	0.028658	0	-1.000000	0.000000	-1.000000	0.000000	0	0.767813	0.263651	0.263651	0.000000	0.000000	2	15
CTDSALbin0	SILCATbin1	0.454938	0.454938	0.454938	1	1	4	0	0.326000	0.710189	0.289811	0.710189	0.289811	0	0.800000	0.200000	0.800000	0.200000	0	0.767813	0.524854	0.524854	0.220339	0.220339	2	16
CTDSALbin0	NO2+NO3bin1	0.454938	0.454938	0.454938	1	1	4	0	0.325000	0.705928	0.294072	0.705928	0.294072	0	0.800000	0.200000	0.800000	0.200000	0	0.767813	0.528410	0.528410	0.220339	0.220339	2	17
CTDSALbin0	PHSPHTbin1	0.454938	0.454938	0.454938	1	1	4	0	0.302000	0.741090	0.258910	0.741090	0.258910	0	0.800000	0.200000	0.800000	0.200000	0	0.767813	0.500414	0.500414	0.220339	0.220339	2	18
CTDSALbin0	CTDTMPbin2	0.454938	0.454938	0.454938	1	1	4	0	0.345000	0.677908	0.322092	0.677908	0.322092	0	0.800000	0.200000	0.800000	0.200000	0	0.767813	0.542500	0.542500	0.220339	0.220339	2	19
CTDSALbin0	CTDSALbin2	0.268771	0.268771	0.268771	1	1	1	0	0.915000	0.640864	0.359136	0.640864	0.359136	0	0.400000	0.600000	0.400000	0.600000	0	0.983012	0.556912	0.556912	0.301974	0.301974	2	20
CTDSALbin0	CTDOXYbin2	0.268771	0.268771	0.268771	1	1	1	0	0.904000	0.536664	0.463336	0.536664	0.463336	0	0.400000	0.600000	0.400000	0.600000	0	0.983012	0.565599	0.565599	0.301974	0.301974	2	21
CTDSALbin0	THETAbin2	0.323625	0.323625	0.323625	1	1	4	0	0.589000	0.670882	0.329118	0.670882	0.329118	0	0.600000	0.400000	0.600000	0.400000	0	0.983012	0.544584	0.544584	0.288889	0.288889	2	22
CTDSALbin0	SALNTYbin2	0.349677	0.349677	0.349677	1	1	4	0	0.154000	0.907858	0.275433	0.907858	0.275433	0	1.000000	0.000000	1.000000	0.000000	0	0.767813	0.511456	0.511456	0.000000	0.000000	2	23
CTDSALbin0	OXYGENbin2	0.227469	0.227469	0.227469	1	1	4	0	0.490000	0.954307	0.193191	0.954307	0.193191	0	1.000000	0.000000	1.000000	0.000000	0	0.983012	0.448827	0.448827	0.000000	0.000000	2	24
CTDSALbin0	SILCATbin2	-0.454938	-0.454938	-0.454938	1	1	4	0	0.297000	-0.881927	0.118073	-0.881927	0.118073	0	-0.800000	0.200000	-0.800000	0.200000	0	0.767813	0.382492	0.382492	0.220339	0.220339	2	25
CTDSALbin0	NO2+NO3bin2	-0.454938	-0.454938	-0.454938	1	1	4	0	0.299000	-0.865508	0.134492	-0.865508	0.134492	0	-0.800000	0.200000	-0.800000	0.200000	0	0.767813	0.404615	0.404615	0.220339	0.220339	2	26
CTDSALbin0	PHSPHTbin2	0.268771	0.268771	0.268771	1	1	3	0	0.923000	0.168378	0.831622	0.168378	0.831622	0	0.400000	0.600000	0.400000	0.600000	0	0.983012	0.626452	0.626452	0.301974	0.301974	2	27
CTDOXYbin0	THETAbin0	0.323625	0.323625	0.323625	1	1	4	0	0.653000	0.364890	0.635110	0.364890	0.635110	0	0.600000	0.400000	0.600000	0.400000	0	0.983012	0.593005	0.593005	0.288889	0.288889	3	4
CTDOXYbin0	SALNTYbin0	-0.268771	-0.268771	-0.268771	1	1	1	0	0.907000	0.014755	0.985245	0.014755	0.985245	0	-0.400000	0.600000	-0.400000	0.600000	0	0.983012	0.645602	0.645602	0.301974	0.301974	3	5
CTDOXYbin0	OXYGENbin0	-0.349677	-0.349677	-0.349677	2	2	2	0	0.514000	-0.371113	0.628887	-0.371113	0.628887	0	-0.400000	0.600000	-0.400000	0.600000	0	0.983012	0.593005	0.593005	0.301974	0.301974	3	6
CTDOXYbin0	SILCATbin0	-0.323625	-0.323625	-0.323625	1	1	4	0	0.679000	-0.392500	0.607500	-0.392500	0.607500	0	-0.600000	0.400000	-0.600000	0.400000	0	0.983012	0.585654	0.585654	0.288889	0.288889	3	7
CTDOXYbin0	NO2+NO3bin0	-0.323625	-0.323625	-0.323625	1	1	4	0	0.657000	-0.402731	0.597269	-0.402731	0.597269	0	-0.600000	0.400000	-0.600000	0.400000	0	0.983012	0.585654	0.585654	0.288889	0.288889	3	8
CTDOXYbin0	PHSPHTbin0	-0.323625	-0.323625	-0.323625	1	1	4	0	0.674000	-0.502352	0.497648	-0.502352	0.497648	0	-0.600000	0.400000	-0.600000	0.400000	0	0.983012	0.565599	0.565599	0.288889	0.288889	3	9
CTDOXYbin0	CTDTMPbin1	-0.454938	-0.454938	-0.454938	1	1	4	0	0.293000	-0.775200	0.224800	-0.775200	0.224800	0	-0.800000	0.200000	-0.800000	0.200000	0	0.767813	0.470035	0.470035	0.220339	0.220339	3	10
CTDOXYbin0	CTDSALbin1	0.293125	0.293125	0.293125	2	2	2	0	0.735000	0.143744	0.856256	0.143744	0.856256	0	0.200000	0.800000	0.200000	0.800000	0	0.983012	0.626452	0.626452	0.327044	0.327044	3	11
CTDOXYbin0	CTDOXYbin1	-0.293125	-0.293125	-0.293125	2	2	2	0	0.708000	-0.355429	0.644571	-0.355429	0.644571	0	-0.200000	0.800000	-0.200000	0.800000	0	0.983012	0.593005	0.593005	0.327044	0.327044	3	12
CTDOXYbin0	THETAbin1	-0.454938	-0.454938	-0.454938	1	1	4	0	0.276000	-0.777321	0.222679	-0.777321	0.222679	0	-0.800000	0.200000	-0.800000	0.200000	0	0.767813	0.470035	0.470035	0.220339	0.220339	3	13
CTDOXYbin0	SALNTYbin1	-0.349677	-0.349677	-0.349677	2	2	2	0	0.523000	-0.216200	0.783800	-0.216200	0.783800	0	-0.400000	0.600000	-0.400000	0.600000	0	0.983012	0.615444	0.615444	0.301974	0.301974	3	14
CTDOXYbin0	OXYGENbin1	0.268771	0.268771	0.268771	1	1	1	0	0.838000	-0.192576	0.807424	-0.192576	0.807424	0	0.200000	0.800000	0.200000	0.800000	0	0.983012	0.620678	0.620678	0.327044	0.327044	3	15
CTDOXYbin0	SILCATbin1	-0.268771	-0.268771	-0.268771	1	1	1	0	0.921000	-0.504942	0.495058	-0.504942	0.495058	0	-0.400000	0.600000	-0.400000	0.600000	0	0.983012	0.565599	0.565599	0.301974	0.301974	3	16
CTDOXYbin0	NO2+NO3bin1	-0.268771	-0.268771	-0.268771	1	1	1	0	0.912000	-0.470376	0.529624	-0.470376	0.529624	0	-0.400000	0.600000	-0.400000	0.600000	0	0.983012	0.574283	0.574283	0.301974	0.301974	3	17
CTDOXYbin0	PHSPHTbin1	-0.268771	-0.268771	-0.268771	1	1	1	0	0.920000	-0.490961	0.509039	-0.490961	0.509039	0	-0.400000	0.600000	-0.400000	0.600000	0	0.983012	0.565599	0.565599	0.301974	0.301974	3	18
CTDOXYbin0	CTDTMPbin2	-0.268771	-0.268771	-0.268771	1	1	1	0	0.907000	0.038122	0.961878	0.038122	0.961878	0	-0.400000	0.600000	-0.400000	0.600000	0	0.983012	0.643202	0.643202	0.301974	0.301974	3	19
CTDOXYbin0	CTDSALbin2	-0.454938	-0.454938	-0.454938	1	1	4	0	0.269000	-0.719811	0.280189	-0.719811	0.280189	0	-0.800000	0.200000	-0.800000	0.200000	0	0.767813	0.511456	0.511456	0.220339	0.220339	3	20
CTDOXYbin0	CTDOXYbin2	-0.454938	-0.454938	-0.454938	1	1	4	0	0.298000	-0.781019	0.218981	-0.781019	0.218981	0	-0.800000	0.200000	-0.800000	0.200000	0	0.767813	0.470035	0.470035	0.220339	0.220339	3	21
CTDOXYbin0	THETAbin2	0.293125	0.293125	0.293125	2	2	2	0	0.755000	0.044689	0.955311	0.044689	0.955311	0	0.200000	0.800000	0.200000	0.800000	0	0.983012	0.643202	0.643202	0.327044	0.327044	3	22
CTDOXYbin0	SALNTYbin2	-0.174839	-0.174839	-0.174839	1	1	2	0	0.661000	-0.380299	0.751642	-0.380299	0.751642	0	-0.500000	0.666667	-0.500000	0.666667	0	0.983012	0.615444	0.615444	0.301974	0.301974	3	23
CTDOXYbin0	OXYGENbin2	-0.227469	-0.227469	-0.227469	1	1	4	0	0.348000	-0.586626	0.600912	-0.586626	0.600912	0	-0.500000	0.666667	-0.500000	0.666667	0	0.767813	0.585654	0.585654	0.301974	0.301974	3	24
CTDOXYbin0	SILCATbin2	0.268771	0.268771	0.268771	1	1	1	0	0.851000	-0.109349	0.890651	-0.109349	0.890651	0	0.400000	0.600000	0.400000	0.600000	0	0.983012	0.626452	0.626452	0.301974	0.301974	3	25
CTDOXYbin0	NO2+NO3bin2	0.268771	0.268771	0.268771	1	1	1	0	0.835000	0.300276	0.699724	0.300276	0.699724	0	0.400000	0.600000	0.400000	0.600000	0	0.983012	0.602376	0.602376	0.301974	0.301974	3	26
CTDOXYbin0	PHSPHTbin2	-0.537542	-0.537542	-0.537542	1	1	2	0	0.150000	-0.731432	0.268568	-0.731432	0.268568	0	-0.800000	0.200000	-0.800000	0.200000	0	0.767813	0.506316	0.506316	0.220339	0.220339	3	27
THETAbin0	SALNTYbin0	-0.268771	-0.268771	-0.268771	4	4	1	0	0.840000	0.226202	0.773798	0.226202	0.773798	0	-0.400000	0.600000	-0.400000	0.600000	0	0.983012	0.615444	0.615444	0.301974	0.301974	4	5
THETAbin0	OXYGENbin0	-0.349677	-0.349677	-0.349677	2	2	2	0	0.558000	-0.866742	0.133258	-0.866742	0.133258	0	-0.400000	0.600000	-0.400000	0.600000	0	0.983012	0.404615	0.404615	0.301974	0.301974	4	6
THETAbin0	SILCATbin0	-0.586251	-0.586251	-0.586251	1	1	4	0	0.087000	-0.986056	0.013944	-0.986056	0.013944	0	-1.000000	0.000000	-1.000000	0.000000	0	0.767813	0.182889	0.182889	0.000000	0.000000	4	7
THETAbin0	NO2+NO3bin0	-0.586251	-0.586251	-0.586251	1	1	4	0	0.074000	-0.994372	0.005627	-0.994372	0.005627	0	-1.000000	0.000000	-1.000000	0.000000	0	0.767813	0.104030	0.104030	0.000000	0.000000	4	8
THETAbin0	PHSPHTbin0	-0.586251	-0.586251	-0.586251	1	1	4	0	0.076000	-0.933747	0.066253	-0.933747	0.066253	0	-1.000000	0.000000	-1.000000	0.000000	0	0.767813	0.324668	0.324668	0.000000	0.000000	4	9
THETAbin0	CTDTMPbin1	-0.454938	-0.454938	-0.454938	1	1	4	0	0.335000	-0.339234	0.660766	-0.339234	0.660766	0	-0.800000	0.200000	-0.800000	0.200000	0	0.767813	0.595657	0.595657	0.220339	0.220339	4	10
THETAbin0	CTDSALbin1	-0.268771	-0.268771	-0.268771	4	4	1	0	0.829000	-0.144814	0.855186	-0.144814	0.855186	0	-0.200000	0.800000	-0.200000	0.800000	0	0.983012	0.626452	0.626452	0.327044	0.327044	4	11
THETAbin0	CTDOXYbin1	0.268771	0.268771	0.268771	4	4	1	0	0.913000	-0.165285	0.834715	-0.165285	0.834715	0	0.200000	0.800000	0.200000	0.800000	0	0.983012	0.626452	0.626452	0.327044	0.327044	4	12
THETAbin0	THETAbin1	-0.454938	-0.454938	-0.454938	1	1	4	0	0.316000	-0.343233	0.656767	-0.343233	0.656767	0	-0.800000	0.200000	-0.800000	0.200000	0	0.767813	0.595657	0.595657	0.220339	0.220339	4	13
THETAbin0	SALNTYbin1	-0.349677	-0.349677	-0.349677	2	2	2	0	0.546000	-0.561985	0.438015	-0.561985	0.438015	0	-0.400000	0.600000	-0.400000	0.600000	0	0.983012	0.565599	0.565599	0.301974	0.301974	4	14
THETAbin0	OXYGENbin1	-0.293125	-0.293125	-0.293125	2	2	2	0	0.736000	-0.760818	0.239182	-0.760818	0.239182	0	-0.200000	0.800000	-0.200000	0.800000	0	0.983012	0.478364	0.478364	0.327044	0.327044	4	15
THETAbin0	SILCATbin1	-0.268771	-0.268771	-0.268771	4	4	1	0	0.838000	-0.098415	0.901585	-0.098415	0.901585	0	-0.400000	0.600000	-0.400000	0.600000	0	0.983012	0.630042	0.630042	0.301974	0.301974	4	16
THETAbin0	NO2+NO3bin1	-0.268771	-0.268771	-0.268771	4	4	1	0	0.828000	-0.118438	0.881562	-0.118438	0.881562	0	-0.400000	0.600000	-0.400000	0.600000	0	0.983012	0.626452	0.626452	0.301974	0.301974	4	17
THETAbin0	PHSPHTbin1	-0.268771	-0.268771	-0.268771	4	4	1	0	0.833000	-0.050717	0.949283	-0.050717	0.949283	0	-0.400000	0.600000	-0.400000	0.600000	0	0.983012	0.643202	0.643202	0.301974	0.301974	4	18
THETAbin0	CTDTMPbin2	-0.268771	-0.268771	-0.268771	4	4	1	0	0.823000	-0.113272	0.886728	-0.113272	0.886728	0	-0.400000	0.600000	-0.400000	0.600000	0	0.983012	0.626452	0.626452	0.301974	0.301974	4	19
THETAbin0	CTDSALbin2	-0.454938	-0.454938	-0.454938	1	1	4	0	0.347000	-0.036753	0.963247	-0.036753	0.963247	0	-0.800000	0.200000	-0.800000	0.200000	0	0.767813	0.643202	0.643202	0.220339	0.220339	4	20
THETAbin0	CTDOXYbin2	-0.454938	-0.454938	-0.454938	1	1	4	0	0.305000	-0.165497	0.834503	-0.165497	0.834503	0	-0.800000	0.200000	-0.800000	0.200000	0	0.767813	0.626452	0.626452	0.220339	0.220339	4	21
THETAbin0	THETAbin2	-0.268771	-0.268771	-0.268771	4	4	1	0	0.839000	-0.119555	0.880445	-0.119555	0.880445	0	-0.200000	0.800000	-0.200000	0.800000	0	0.983012	0.626452	0.626452	0.327044	0.327044	4	22
THETAbin0	SALNTYbin2	0.174839	0.174839	0.174839	3	3	2	0	0.676000	0.702649	0.504001	0.702649	0.504001	0	0.500000	0.666667	0.500000	0.666667	0	0.983012	0.565599	0.565599	0.301974	0.301974	4	23
THETAbin0	OXYGENbin2	-0.227469	-0.227469	-0.227469	1	1	4	0	0.515000	-0.985928	0.106927	-0.985928	0.106927	0	-1.000000	0.000000	-1.000000	0.000000	0	0.983012	0.363600	0.363600	0.000000	0.000000	4	24
THETAbin0	SILCATbin2	0.268771	0.268771	0.268771	4	4	1	0	0.920000	-0.228219	0.771781	-0.228219	0.771781	0	0.400000	0.600000	0.400000	0.600000	0	0.983012	0.615444	0.615444	0.301974	0.301974	4	25
THETAbin0	NO2+NO3bin2	0.268771	0.268771	0.268771	4	4	1	0	0.912000	-0.128914	0.871086	-0.128914	0.871086	0	0.400000	0.600000	0.400000	0.600000	0	0.983012	0.626452	0.626452	0.301974	0.301974	4	26
THETAbin0	PHSPHTbin2	0.161812	0.161812	0.161812	3	3	2	0	1.000000	0.313892	0.686108	0.313892	0.686108	0	0.000000	1.000000	0.000000	1.000000	0	1.000000	0.602376	0.602376	0.377907	0.377907	4	27
SALNTYbin0	OXYGENbin0	-0.323625	-0.323625	-0.323625	1	1	4	0	0.606000	-0.672850	0.327150	-0.672850	0.327150	0	-0.600000	0.400000	-0.600000	0.400000	0	0.983012	0.544584	0.544584	0.288889	0.288889	5	6
SALNTYbin0	SILCATbin0	0.268771	0.268771	0.268771	4	4	1	0	0.674000	-0.062484	0.937516	-0.062484	0.937516	0	0.400000	0.600000	0.400000	0.600000	0	0.983012	0.638078	0.638078	0.301974	0.301974	5	7
SALNTYbin0	NO2+NO3bin0	0.268771	0.268771	0.268771	4	4	1	0	0.665000	-0.127697	0.872303	-0.127697	0.872303	0	0.400000	0.600000	0.400000	0.600000	0	0.983012	0.626452	0.626452	0.301974	0.301974	5	8
SALNTYbin0	PHSPHTbin0	0.268771	0.268771	0.268771	4	4	1	0	0.670000	0.105471	0.894529	0.105471	0.894529	0	0.400000	0.600000	0.400000	0.600000	0	0.983012	0.627261	0.627261	0.301974	0.301974	5	9
SALNTYbin0	CTDTMPbin1	0.488833	0.488833	0.488833	1	1	4	0	0.176000	0.584998	0.415002	0.584998	0.415002	0	0.800000	0.200000	0.800000	0.200000	0	0.767813	0.559940	0.559940	0.220339	0.220339	5	10
SALNTYbin0	CTDSALbin1	0.454938	0.454938	0.454938	1	1	4	0	0.224000	0.890850	0.109150	0.890850	0.109150	0	0.800000	0.200000	0.800000	0.200000	0	0.767813	0.363600	0.363600	0.220339	0.220339	5	11
SALNTYbin0	CTDOXYbin1	-0.454938	-0.454938	-0.454938	1	1	4	0	0.286000	-0.921481	0.078519	-0.921481	0.078519	0	-0.800000	0.200000	-0.800000	0.200000	0	0.767813	0.328342	0.328342	0.220339	0.220339	5	12
SALNTYbin0	THETAbin1	0.488833	0.488833	0.488833	1	1	4	0	0.150000	0.581262	0.418738	0.581262	0.418738	0	0.800000	0.200000	0.800000	0.200000	0	0.767813	0.559940	0.559940	0.220339	0.220339	5	13
SALNTYbin0	SALNTYbin1	-0.323625	-0.323625	-0.323625	1	1	4	0	0.577000	-0.929622	0.070378	-0.929622	0.070378	0	-0.600000	0.400000	-0.600000	0.400000	0	0.983012	0.324668	0.324668	0.288889	0.288889	5	14
SALNTYbin0	OXYGENbin1	-0.454938	-0.454938	-0.454938	1	1	4	0	0.320000	-0.802850	0.197150	-0.802850	0.197150	0	-0.800000	0.200000	-0.800000	0.200000	0	0.767813	0.453445	0.453445	0.220339	0.220339	5	15
SALNTYbin0	SILCATbin1	0.586251	0.586251	0.586251	1	1	4	0	0.070000	0.848047	0.151953	0.848047	0.151953	0	1.000000	0.000000	1.000000	0.000000	0	0.767813	0.416768	0.416768	0.000000	0.000000	5	16
SALNTYbin0	NO2+NO3bin1	0.586251	0.586251	0.586251	1	1	4	0	0.069000	0.862001	0.137999	0.862001	0.137999	0	1.000000	0.000000	1.000000	0.000000	0	0.767813	0.404615	0.404615	0.000000	0.000000	5	17
SALNTYbin0	PHSPHTbin1	0.586251	0.586251	0.586251	1	1	4	0	0.080000	0.861024	0.138976	0.861024	0.138976	0	1.000000	0.000000	1.000000	0.000000	0	0.767813	0.404615	0.404615	0.000000	0.000000	5	18
SALNTYbin0	CTDTMPbin2	0.586251	0.586251	0.586251	1	1	4	0	0.081000	0.929703	0.070297	0.929703	0.070297	0	1.000000	0.000000	1.000000	0.000000	0	0.767813	0.324668	0.324668	0.000000	0.000000	5	19
SALNTYbin0	CTDSALbin2	0.488833	0.488833	0.488833	1	1	4	0	0.165000	0.678681	0.321319	0.678681	0.321319	0	0.800000	0.200000	0.800000	0.200000	0	0.767813	0.542500	0.542500	0.220339	0.220339	5	20
SALNTYbin0	CTDOXYbin2	0.488833	0.488833	0.488833	1	1	4	0	0.167000	0.612586	0.387414	0.612586	0.387414	0	0.800000	0.200000	0.800000	0.200000	0	0.767813	0.556912	0.556912	0.220339	0.220339	5	21
SALNTYbin0	THETAbin2	0.454938	0.454938	0.454938	1	1	4	0	0.220000	0.926028	0.073972	0.926028	0.073972	0	0.800000	0.200000	0.800000	0.200000	0	0.767813	0.324668	0.324668	0.220339	0.220339	5	22
SALNTYbin0	SALNTYbin2	0.227469	0.227469	0.227469	1	1	4	0	0.504000	0.888160	0.303968	0.888160	0.303968	0	1.000000	0.000000	1.000000	0.000000	0	0.983012	0.535485	0.535485	0.000000	0.000000	5	23
SALNTYbin0	OXYGENbin2	0.349677	0.349677	0.349677	1	1	4	0	0.144000	0.878782	0.316714	0.878782	0.316714	0	1.000000	0.000000	1.000000	0.000000	0	0.767813	0.542500	0.542500	0.000000	0.000000	5	24
SALNTYbin0	SILCATbin2	-0.586251	-0.586251	-0.586251	1	1	4	0	0.087000	-0.994915	0.005085	-0.994915	0.005085	0	-1.000000	0.000000	-1.000000	0.000000	0	0.767813	0.104030	0.104030	0.000000	0.000000	5	25
SALNTYbin0	NO2+NO3bin2	-0.586251	-0.586251	-0.586251	1	1	4	0	0.075000	-0.948817	0.051183	-0.948817	0.051183	0	-1.000000	0.000000	-1.000000	0.000000	0	0.767813	0.324668	0.324668	0.000000	0.000000	5	26
SALNTYbin0	PHSPHTbin2	0.268771	0.268771	0.268771	1	1	1	0	0.936000	-0.130432	0.869568	-0.130432	0.869568	0	0.200000	0.800000	0.200000	0.800000	0	0.986595	0.626452	0.626452	0.327044	0.327044	5	27
OXYGENbin0	SILCATbin0	0.349677	0.349677	0.349677	2	2	2	0	0.501000	0.776162	0.223838	0.776162	0.223838	0	0.400000	0.600000	0.400000	0.600000	0	0.983012	0.470035	0.470035	0.301974	0.301974	6	7
OXYGENbin0	NO2+NO3bin0	0.349677	0.349677	0.349677	2	2	2	0	0.503000	0.816403	0.183597	0.816403	0.183597	0	0.400000	0.600000	0.400000	0.600000	0	0.983012	0.447293	0.447293	0.301974	0.301974	6	8
OXYGENbin0	PHSPHTbin0	0.349677	0.349677	0.349677	2	2	2	0	0.445000	0.664519	0.335481	0.664519	0.335481	0	0.400000	0.600000	0.400000	0.600000	0	0.958252	0.551147	0.551147	0.301974	0.301974	6	9
OXYGENbin0	CTDTMPbin1	0.161812	0.161812	0.161812	2	2	2	0	1.000000	0.023818	0.976182	0.023818	0.976182	0	0.000000	1.000000	0.000000	1.000000	0	1.000000	0.643202	0.643202	0.377907	0.377907	6	10
OXYGENbin0	CTDSALbin1	-0.454938	-0.454938	-0.454938	1	1	4	0	0.286000	-0.365680	0.634320	-0.365680	0.634320	0	-0.800000	0.200000	-0.800000	0.200000	0	0.767813	0.593005	0.593005	0.220339	0.220339	6	11
OXYGENbin0	CTDOXYbin1	0.454938	0.454938	0.454938	1	1	4	0	0.213000	0.624471	0.375529	0.624471	0.375529	0	0.800000	0.200000	0.800000	0.200000	0	0.767813	0.556912	0.556912	0.220339	0.220339	6	12
OXYGENbin0	THETAbin1	0.161812	0.161812	0.161812	2	2	2	0	1.000000	0.028795	0.971205	0.028795	0.971205	0	0.000000	1.000000	0.000000	1.000000	0	1.000000	0.643202	0.643202	0.377907	0.377907	6	13
OXYGENbin0	SALNTYbin1	0.586251	0.586251	0.586251	1	1	4	0	0.088000	0.897416	0.102584	0.897416	0.102584	0	1.000000	0.000000	1.000000	0.000000	0	0.767813	0.357491	0.357491	0.000000	0.000000	6	14
OXYGENbin0	OXYGENbin1	0.454938	0.454938	0.454938	1	1	4	0	0.345000	0.972263	0.027737	0.972263	0.027737	0	0.800000	0.200000	0.800000	0.200000	0	0.767813	0.263651	0.263651	0.220339	0.220339	6	15
OXYGENbin0	SILCATbin1	-0.323625	-0.323625	-0.323625	1	1	4	0	0.605000	-0.310068	0.689932	-0.310068	0.689932	0	-0.600000	0.400000	-0.600000	0.400000	0	0.983012	0.602376	0.602376	0.288889	0.288889	6	16
OXYGENbin0	NO2+NO3bin1	-0.323625	-0.323625	-0.323625	1	1	4	0	0.576000	-0.306456	0.693544	-0.306456	0.693544	0	-0.600000	0.400000	-0.600000	0.400000	0	0.983012	0.602376	0.602376	0.288889	0.288889	6	17
OXYGENbin0	PHSPHTbin1	-0.323625	-0.323625	-0.323625	1	1	4	0	0.603000	-0.352172	0.647828	-0.352172	0.647828	0	-0.600000	0.400000	-0.600000	0.400000	0	0.983012	0.593627	0.593627	0.288889	0.288889	6	18
OXYGENbin0	CTDTMPbin2	-0.323625	-0.323625	-0.323625	1	1	4	0	0.568000	-0.397110	0.602890	-0.397110	0.602890	0	-0.600000	0.400000	-0.600000	0.400000	0	0.983012	0.585654	0.585654	0.288889	0.288889	6	19
OXYGENbin0	CTDSALbin2	0.161812	0.161812	0.161812	2	2	2	0	1.000000	-0.245564	0.754436	-0.245564	0.754436	0	0.000000	1.000000	0.000000	1.000000	0	1.000000	0.615444	0.615444	0.377907	0.377907	6	20
OXYGENbin0	CTDOXYbin2	0.161812	0.161812	0.161812	2	2	2	0	1.000000	-0.113657	0.886343	-0.113657	0.886343	0	0.000000	1.000000	0.000000	1.000000	0	1.000000	0.626452	0.626452	0.377907	0.377907	6	21
OXYGENbin0	THETAbin2	-0.454938	-0.454938	-0.454938	1	1	4	0	0.295000	-0.391429	0.608571	-0.391429	0.608571	0	-0.800000	0.200000	-0.800000	0.200000	0	0.767813	0.585654	0.585654	0.220339	0.220339	6	22
OXYGENbin0	SALNTYbin2	-0.227469	-0.227469	-0.227469	1	1	4	0	0.511000	-0.721297	0.487093	-0.721297	0.487093	0	-0.500000	0.666667	-0.500000	0.666667	0	0.983012	0.565599	0.565599	0.301974	0.301974	6	23
OXYGENbin0	OXYGENbin2	-0.105261	-0.105261	-0.105261	1	1	4	0	1.000000	-0.400705	0.737530	-0.400705	0.737530	0	-0.500000	0.666667	-0.500000	0.666667	0	1.000000	0.612390	0.612390	0.301974	0.301974	6	24
OXYGENbin0	SILCATbin2	0.323625	0.323625	0.323625	1	1	4	0	0.581000	0.681453	0.318547	0.681453	0.318547	0	0.600000	0.400000	0.600000	0.400000	0	0.983012	0.542500	0.542500	0.288889	0.288889	6	25
OXYGENbin0	NO2+NO3bin2	0.323625	0.323625	0.323625	1	1	4	0	0.579000	0.544819	0.455181	0.544819	0.455181	0	0.600000	0.400000	0.600000	0.400000	0	0.983012	0.565599	0.565599	0.288889	0.288889	6	26
OXYGENbin0	PHSPHTbin2	0.268771	0.268771	0.268771	2	2	1	0	0.690000	-0.082103	0.917897	-0.082103	0.917897	0	0.200000	0.800000	0.200000	0.800000	0	0.983012	0.630198	0.630198	0.327044	0.327044	6	27
SILCATbin0	NO2+NO3bin0	0.586251	0.586251	0.586251	1	1	4	0	0.083000	0.997772	0.002228	0.997772	0.002228	0	1.000000	0.000000	1.000000	0.000000	0	0.767813	0.064051	0.064051	0.000000	0.000000	7	8
SILCATbin0	PHSPHTbin0	0.586251	0.586251	0.586251	1	1	4	0	0.084000	0.977740	0.022260	0.977740	0.022260	0	1.000000	0.000000	1.000000	0.000000	0	0.767813	0.243798	0.243798	0.000000	0.000000	7	9
SILCATbin0	CTDTMPbin1	0.454938	0.454938	0.454938	1	1	4	0	0.320000	0.461361	0.538639	0.461361	0.538639	0	0.800000	0.200000	0.800000	0.200000	0	0.767813	0.574283	0.574283	0.220339	0.220339	7	10
SILCATbin0	CTDSALbin1	0.268771	0.268771	0.268771	4	4	1	0	0.823000	0.292624	0.707376	0.292624	0.707376	0	0.200000	0.800000	0.200000	0.800000	0	0.983012	0.604820	0.604820	0.327044	0.327044	7	11
SILCATbin0	CTDOXYbin1	-0.268771	-0.268771	-0.268771	4	4	1	0	0.904000	0.022194	0.977806	0.022194	0.977806	0	-0.200000	0.800000	-0.200000	0.800000	0	0.983012	0.643202	0.643202	0.327044	0.327044	7	12
SILCATbin0	THETAbin1	0.454938	0.454938	0.454938	1	1	4	0	0.288000	0.464846	0.535154	0.464846	0.535154	0	0.800000	0.200000	0.800000	0.200000	0	0.767813	0.574283	0.574283	0.220339	0.220339	7	13
SILCATbin0	SALNTYbin1	0.349677	0.349677	0.349677	2	2	2	0	0.617000	0.420034	0.579966	0.420034	0.579966	0	0.400000	0.600000	0.400000	0.600000	0	0.983012	0.585654	0.585654	0.301974	0.301974	7	14
SILCATbin0	OXYGENbin1	0.293125	0.293125	0.293125	2	2	2	0	0.744000	0.642487	0.357513	0.642487	0.357513	0	0.200000	0.800000	0.200000	0.800000	0	0.983012	0.556912	0.556912	0.327044	0.327044	7	15
SILCATbin0	SILCATbin1	0.268771	0.268771	0.268771	4	4	1	0	0.836000	0.254337	0.745663	0.254337	0.745663	0	0.400000	0.600000	0.400000	0.600000	0	0.983012	0.614704	0.614704	0.301974	0.301974	7	16
SILCATbin0	NO2+NO3bin1	0.268771	0.268771	0.268771	4	4	1	0	0.829000	0.276145	0.723855	0.276145	0.723855	0	0.400000	0.600000	0.400000	0.600000	0	0.983012	0.610044	0.610044	0.301974	0.301974	7	17
SILCATbin0	PHSPHTbin1	0.268771	0.268771	0.268771	4	4	1	0	0.836000	0.207755	0.792245	0.207755	0.792245	0	0.400000	0.600000	0.400000	0.600000	0	0.983012	0.615444	0.615444	0.301974	0.301974	7	18
SILCATbin0	CTDTMPbin2	0.268771	0.268771	0.268771	4	4	1	0	0.839000	0.269717	0.730283	0.269717	0.730283	0	0.400000	0.600000	0.400000	0.600000	0	0.983012	0.610044	0.610044	0.301974	0.301974	7	19
SILCATbin0	CTDSALbin2	0.454938	0.454938	0.454938	1	1	4	0	0.283000	0.168681	0.831319	0.168681	0.831319	0	0.800000	0.200000	0.800000	0.200000	0	0.767813	0.626452	0.626452	0.220339	0.220339	7	20
SILCATbin0	CTDOXYbin2	0.454938	0.454938	0.454938	1	1	4	0	0.289000	0.289789	0.710211	0.289789	0.710211	0	0.800000	0.200000	0.800000	0.200000	0	0.767813	0.604994	0.604994	0.220339	0.220339	7	21
SILCATbin0	THETAbin2	0.268771	0.268771	0.268771	4	4	1	0	0.825000	0.275317	0.724683	0.275317	0.724683	0	0.200000	0.800000	0.200000	0.800000	0	0.983012	0.610044	0.610044	0.327044	0.327044	7	22
SILCATbin0	SALNTYbin2	-0.174839	-0.174839	-0.174839	3	3	2	0	0.837000	-0.638223	0.559339	-0.638223	0.559339	0	-0.500000	0.666667	-0.500000	0.666667	0	0.983012	0.582118	0.582118	0.301974	0.301974	7	23
SILCATbin0	OXYGENbin2	0.227469	0.227469	0.227469	1	1	4	0	0.324000	0.975223	0.142010	0.975223	0.142010	0	1.000000	0.000000	1.000000	0.000000	0	0.767813	0.405207	0.405207	0.000000	0.000000	7	24
SILCATbin0	SILCATbin2	-0.268771	-0.268771	-0.268771	4	4	1	0	0.927000	0.067712	0.932288	0.067712	0.932288	0	-0.400000	0.600000	-0.400000	0.600000	0	0.983012	0.638078	0.638078	0.301974	0.301974	7	25
SILCATbin0	NO2+NO3bin2	-0.268771	-0.268771	-0.268771	4	4	1	0	0.918000	-0.035444	0.964556	-0.035444	0.964556	0	-0.400000	0.600000	-0.400000	0.600000	0	0.983012	0.643202	0.643202	0.301974	0.301974	7	26
SILCATbin0	PHSPHTbin2	-0.161812	-0.161812	-0.161812	3	3	2	0	1.000000	-0.322416	0.677584	-0.322416	0.677584	0	0.000000	1.000000	0.000000	1.000000	0	1.000000	0.602376	0.602376	0.377907	0.377907	7	27
NO2+NO3bin0	PHSPHTbin0	0.586251	0.586251	0.586251	1	1	4	0	0.106000	0.966258	0.033742	0.966258	0.033742	0	1.000000	0.000000	1.000000	0.000000	0	0.767813	0.287267	0.287267	0.000000	0.000000	8	9
NO2+NO3bin0	CTDTMPbin1	0.454938	0.454938	0.454938	1	1	4	0	0.274000	0.428229	0.571771	0.428229	0.571771	0	0.800000	0.200000	0.800000	0.200000	0	0.767813	0.584363	0.584363	0.220339	0.220339	8	10
NO2+NO3bin0	CTDSALbin1	0.268771	0.268771	0.268771	4	4	1	0	0.834000	0.228610	0.771390	0.228610	0.771390	0	0.200000	0.800000	0.200000	0.800000	0	0.983012	0.615444	0.615444	0.327044	0.327044	8	11
NO2+NO3bin0	CTDOXYbin1	-0.268771	-0.268771	-0.268771	4	4	1	0	0.916000	0.087451	0.912549	0.087451	0.912549	0	-0.200000	0.800000	-0.200000	0.800000	0	0.983012	0.630198	0.630198	0.327044	0.327044	8	12
NO2+NO3bin0	THETAbin1	0.454938	0.454938	0.454938	1	1	4	0	0.319000	0.431948	0.568052	0.431948	0.568052	0	0.800000	0.200000	0.800000	0.200000	0	0.767813	0.584363	0.584363	0.220339	0.220339	8	13
NO2+NO3bin0	SALNTYbin1	0.349677	0.349677	0.349677	2	2	2	0	0.580000	0.479203	0.520797	0.479203	0.520797	0	0.400000	0.600000	0.400000	0.600000	0	0.983012	0.570397	0.570397	0.301974	0.301974	8	14
NO2+NO3bin0	OXYGENbin1	0.293125	0.293125	0.293125	2	2	2	0	0.767000	0.690372	0.309628	0.690372	0.309628	0	0.200000	0.800000	0.200000	0.800000	0	0.983012	0.539504	0.539504	0.327044	0.327044	8	15
NO2+NO3bin0	SILCATbin1	0.268771	0.268771	0.268771	4	4	1	0	0.827000	0.202598	0.797402	0.202598	0.797402	0	0.400000	0.600000	0.400000	0.600000	0	0.983012	0.615444	0.615444	0.301974	0.301974	8	16
NO2+NO3bin0	NO2+NO3bin1	0.268771	0.268771	0.268771	4	4	1	0	0.811000	0.222751	0.777249	0.222751	0.777249	0	0.400000	0.600000	0.400000	0.600000	0	0.983012	0.615444	0.615444	0.301974	0.301974	8	17
NO2+NO3bin0	PHSPHTbin1	0.268771	0.268771	0.268771	4	4	1	0	0.838000	0.155517	0.844483	0.155517	0.844483	0	0.400000	0.600000	0.400000	0.600000	0	0.983012	0.626452	0.626452	0.301974	0.301974	8	18
NO2+NO3bin0	CTDTMPbin2	0.268771	0.268771	0.268771	4	4	1	0	0.825000	0.204886	0.795114	0.204886	0.795114	0	0.400000	0.600000	0.400000	0.600000	0	0.983012	0.615444	0.615444	0.301974	0.301974	8	19
NO2+NO3bin0	CTDSALbin2	0.454938	0.454938	0.454938	1	1	4	0	0.289000	0.132071	0.867929	0.132071	0.867929	0	0.800000	0.200000	0.800000	0.200000	0	0.767813	0.626452	0.626452	0.220339	0.220339	8	20
NO2+NO3bin0	CTDOXYbin2	0.454938	0.454938	0.454938	1	1	4	0	0.281000	0.256946	0.743054	0.256946	0.743054	0	0.800000	0.200000	0.800000	0.200000	0	0.767813	0.614704	0.614704	0.220339	0.220339	8	21
NO2+NO3bin0	THETAbin2	0.268771	0.268771	0.268771	4	4	1	0	0.819000	0.210571	0.789429	0.210571	0.789429	0	0.200000	0.800000	0.200000	0.800000	0	0.983012	0.615444	0.615444	0.327044	0.327044	8	22
NO2+NO3bin0	SALNTYbin2	-0.174839	-0.174839	-0.174839	3	3	2	0	0.854000	-0.645760	0.553082	-0.645760	0.553082	0	-0.500000	0.666667	-0.500000	0.666667	0	0.983012	0.578222	0.578222	0.301974	0.301974	8	23
NO2+NO3bin0	OXYGENbin2	0.227469	0.227469	0.227469	1	1	4	0	0.340000	0.988032	0.098592	0.988032	0.098592	0	1.000000	0.000000	1.000000	0.000000	0	0.767813	0.351448	0.351448	0.000000	0.000000	8	24
NO2+NO3bin0	SILCATbin2	-0.268771	-0.268771	-0.268771	4	4	1	0	0.924000	0.133843	0.866158	0.133843	0.866158	0	-0.400000	0.600000	-0.400000	0.600000	0	0.983012	0.626452	0.626452	0.301974	0.301974	8	25
NO2+NO3bin0	NO2+NO3bin2	-0.268771	-0.268771	-0.268771	4	4	1	0	0.917000	0.023182	0.976818	0.023182	0.976818	0	-0.400000	0.600000	-0.400000	0.600000	0	0.983012	0.643202	0.643202	0.301974	0.301974	8	26
NO2+NO3bin0	PHSPHTbin2	-0.161812	-0.161812	-0.161812	3	3	2	0	1.000000	-0.299882	0.700118	-0.299882	0.700118	0	0.000000	1.000000	0.000000	1.000000	0	1.000000	0.602376	0.602376	0.377907	0.377907	8	27
PHSPHTbin0	CTDTMPbin1	0.454938	0.454938	0.454938	1	1	4	0	0.279000	0.635050	0.364950	0.635050	0.364950	0	0.800000	0.200000	0.800000	0.200000	0	0.767813	0.556912	0.556912	0.220339	0.220339	9	10
PHSPHTbin0	CTDSALbin1	0.268771	0.268771	0.268771	4	4	1	0	0.804000	0.401144	0.598856	0.401144	0.598856	0	0.200000	0.800000	0.200000	0.800000	0	0.983012	0.585654	0.585654	0.327044	0.327044	9	11
PHSPHTbin0	CTDOXYbin1	-0.268771	-0.268771	-0.268771	4	4	1	0	0.921000	-0.082967	0.917033	-0.082967	0.917033	0	-0.200000	0.800000	-0.200000	0.800000	0	0.983012	0.630198	0.630198	0.327044	0.327044	9	12
PHSPHTbin0	THETAbin1	0.454938	0.454938	0.454938	1	1	4	0	0.300000	0.637978	0.362022	0.637978	0.362022	0	0.800000	0.200000	0.800000	0.200000	0	0.767813	0.556912	0.556912	0.220339	0.220339	9	13
PHSPHTbin0	SALNTYbin1	0.349677	0.349677	0.349677	2	2	2	0	0.584000	0.267947	0.732053	0.267947	0.732053	0	0.400000	0.600000	0.400000	0.600000	0	0.983012	0.610044	0.610044	0.301974	0.301974	9	14
PHSPHTbin0	OXYGENbin1	0.293125	0.293125	0.293125	2	2	2	0	0.768000	0.493441	0.506559	0.493441	0.506559	0	0.200000	0.800000	0.200000	0.800000	0	0.983012	0.565599	0.565599	0.327044	0.327044	9	15
PHSPHTbin0	SILCATbin1	0.268771	0.268771	0.268771	4	4	1	0	0.864000	0.447986	0.552014	0.447986	0.552014	0	0.400000	0.600000	0.400000	0.600000	0	0.983012	0.578222	0.578222	0.301974	0.301974	9	16
PHSPHTbin0	NO2+NO3bin1	0.268771	0.268771	0.268771	4	4	1	0	0.828000	0.465885	0.534115	0.465885	0.534115	0	0.400000	0.600000	0.400000	0.600000	0	0.983012	0.574283	0.574283	0.301974	0.301974	9	17
PHSPHTbin0	PHSPHTbin1	0.268771	0.268771	0.268771	4	4	1	0	0.825000	0.404704	0.595296	0.404704	0.595296	0	0.400000	0.600000	0.400000	0.600000	0	0.983012	0.585654	0.585654	0.301974	0.301974	9	18
PHSPHTbin0	CTDTMPbin2	0.268771	0.268771	0.268771	4	4	1	0	0.844000	0.400802	0.599198	0.400802	0.599198	0	0.400000	0.600000	0.400000	0.600000	0	0.983012	0.585654	0.585654	0.301974	0.301974	9	19
PHSPHTbin0	CTDSALbin2	0.454938	0.454938	0.454938	1	1	4	0	0.279000	0.369616	0.630384	0.369616	0.630384	0	0.800000	0.200000	0.800000	0.200000	0	0.767813	0.593005	0.593005	0.220339	0.220339	9	20
PHSPHTbin0	CTDOXYbin2	0.454938	0.454938	0.454938	1	1	4	0	0.319000	0.480211	0.519789	0.480211	0.519789	0	0.800000	0.200000	0.800000	0.200000	0	0.767813	0.570397	0.570397	0.220339	0.220339	9	21
PHSPHTbin0	THETAbin2	0.268771	0.268771	0.268771	4	4	1	0	0.816000	0.404514	0.595486	0.404514	0.595486	0	0.200000	0.800000	0.200000	0.800000	0	0.983012	0.585654	0.585654	0.327044	0.327044	9	22
PHSPHTbin0	SALNTYbin2	-0.174839	-0.174839	-0.174839	3	3	2	0	0.827000	-0.409216	0.731605	-0.409216	0.731605	0	-0.500000	0.666667	-0.500000	0.666667	0	0.983012	0.610044	0.610044	0.301974	0.301974	9	23
PHSPHTbin0	OXYGENbin2	0.227469	0.227469	0.227469	1	1	4	0	0.335000	0.996127	0.056045	0.996127	0.056045	0	1.000000	0.000000	1.000000	0.000000	0	0.767813	0.324668	0.324668	0.000000	0.000000	9	24
PHSPHTbin0	SILCATbin2	-0.268771	-0.268771	-0.268771	4	4	1	0	0.922000	-0.086667	0.913333	-0.086667	0.913333	0	-0.400000	0.600000	-0.400000	0.600000	0	0.983012	0.630198	0.630198	0.301974	0.301974	9	25
PHSPHTbin0	NO2+NO3bin2	-0.268771	-0.268771	-0.268771	4	4	1	0	0.926000	-0.231991	0.768009	-0.231991	0.768009	0	-0.400000	0.600000	-0.400000	0.600000	0	0.983012	0.615444	0.615444	0.301974	0.301974	9	26
PHSPHTbin0	PHSPHTbin2	-0.161812	-0.161812	-0.161812	3	3	2	0	1.000000	-0.221580	0.778420	-0.221580	0.778420	0	0.000000	1.000000	0.000000	1.000000	0	1.000000	0.615444	0.615444	0.377907	0.377907	9	27
CTDTMPbin1	CTDSALbin1	0.268771	0.268771	0.268771	4	4	1	0	0.795000	0.509245	0.490755	0.509245	0.490755	0	0.400000	0.600000	0.400000	0.600000	0	0.983012	0.565599	0.565599	0.301974	0.301974	10	11
CTDTMPbin1	CTDOXYbin1	-0.268771	-0.268771	-0.268771	4	4	1	0	0.885000	-0.309413	0.690587	-0.309413	0.690587	0	-0.400000	0.600000	-0.400000	0.600000	0	0.983012	0.602376	0.602376	0.301974	0.301974	10	12
CTDTMPbin1	THETAbin1	0.586251	0.586251	0.586251	1	1	4	0	0.090000	0.999987	0.000013	0.999987	0.000013	0	1.000000	0.000000	1.000000	0.000000	0	0.767813	0.000970	0.000970	0.000000	0.000000	10	13
CTDTMPbin1	SALNTYbin1	0.161812	0.161812	0.161812	2	2	2	0	1.000000	-0.321048	0.678952	-0.321048	0.678952	0	0.000000	1.000000	0.000000	1.000000	0	1.000000	0.602376	0.602376	0.377907	0.377907	10	14
CTDTMPbin1	OXYGENbin1	-0.268771	-0.268771	-0.268771	1	1	1	0	0.862000	-0.209821	0.790179	-0.209821	0.790179	0	-0.400000	0.600000	-0.400000	0.600000	0	0.983012	0.615444	0.615444	0.301974	0.301974	10	15
CTDTMPbin1	SILCATbin1	0.488833	0.488833	0.488833	1	1	4	0	0.159000	0.925502	0.074498	0.925502	0.074498	0	0.800000	0.200000	0.800000	0.200000	0	0.767813	0.324668	0.324668	0.220339	0.220339	10	16
CTDTMPbin1	NO2+NO3bin1	0.488833	0.488833	0.488833	1	1	4	0	0.193000	0.914913	0.085087	0.914913	0.085087	0	0.800000	0.200000	0.800000	0.200000	0	0.767813	0.328342	0.328342	0.220339	0.220339	10	17
CTDTMPbin1	PHSPHTbin1	0.488833	0.488833	0.488833	1	1	4	0	0.175000	0.913136	0.086864	0.913136	0.086864	0	0.800000	0.200000	0.800000	0.200000	0	0.767813	0.328342	0.328342	0.220339	0.220339	10	18
CTDTMPbin1	CTDTMPbin2	0.488833	0.488833	0.488833	1	1	4	0	0.157000	0.601170	0.398830	0.601170	0.398830	0	0.800000	0.200000	0.800000	0.200000	0	0.767813	0.556912	0.556912	0.220339	0.220339	10	19
CTDTMPbin1	CTDSALbin2	0.586251	0.586251	0.586251	1	1	4	0	0.088000	0.952276	0.047724	0.952276	0.047724	0	1.000000	0.000000	1.000000	0.000000	0	0.767813	0.324668	0.324668	0.000000	0.000000	10	20
CTDTMPbin1	CTDOXYbin2	0.586251	0.586251	0.586251	1	1	4	0	0.085000	0.981989	0.018011	0.981989	0.018011	0	1.000000	0.000000	1.000000	0.000000	0	0.767813	0.214051	0.214051	0.000000	0.000000	10	21
CTDTMPbin1	THETAbin2	0.268771	0.268771	0.268771	4	4	1	0	0.803000	0.595633	0.404367	0.595633	0.404367	0	0.400000	0.600000	0.400000	0.600000	0	0.983012	0.556912	0.556912	0.301974	0.301974	10	22
CTDTMPbin1	SALNTYbin2	0.174839	0.174839	0.174839	1	1	2	0	0.831000	0.722296	0.486173	0.722296	0.486173	0	0.500000	0.666667	0.500000	0.666667	0	0.983012	0.565599	0.565599	0.301974	0.301974	10	23
CTDTMPbin1	OXYGENbin2	0.349677	0.349677	0.349677	1	1	4	0	0.175000	0.962260	0.175458	0.962260	0.175458	0	1.000000	0.000000	1.000000	0.000000	0	0.767813	0.446780	0.446780	0.000000	0.000000	10	24
CTDTMPbin1	SILCATbin2	-0.488833	-0.488833	-0.488833	1	1	4	0	0.161000	-0.514946	0.485054	-0.514946	0.485054	0	-0.800000	0.200000	-0.800000	0.200000	0	0.767813	0.565599	0.565599	0.220339	0.220339	10	25
CTDTMPbin1	NO2+NO3bin2	-0.488833	-0.488833	-0.488833	1	1	4	0	0.198000	-0.795025	0.204975	-0.795025	0.204975	0	-0.800000	0.200000	-0.800000	0.200000	0	0.767813	0.457712	0.457712	0.220339	0.220339	10	26
CTDTMPbin1	PHSPHTbin2	0.349677	0.349677	0.349677	1	1	2	0	0.513000	0.356017	0.643983	0.356017	0.643983	0	0.400000	0.600000	0.400000	0.600000	0	0.983012	0.593005	0.593005	0.301974	0.301974	10	27
CTDSALbin1	CTDOXYbin1	-0.586251	-0.586251	-0.586251	1	1	4	0	0.078000	-0.945783	0.054217	-0.945783	0.054217	0	-1.000000	0.000000	-1.000000	0.000000	0	0.767813	0.324668	0.324668	0.000000	0.000000	11	12
CTDSALbin1	THETAbin1	0.268771	0.268771	0.268771	4	4	1	0	0.806000	0.506806	0.493194	0.506806	0.493194	0	0.400000	0.600000	0.400000	0.600000	0	0.983012	0.565599	0.565599	0.301974	0.301974	11	13
CTDSALbin1	SALNTYbin1	-0.454938	-0.454938	-0.454938	1	1	4	0	0.278000	-0.720636	0.279364	-0.720636	0.279364	0	-0.800000	0.200000	-0.800000	0.200000	0	0.767813	0.511456	0.511456	0.220339	0.220339	11	14
CTDSALbin1	OXYGENbin1	-0.323625	-0.323625	-0.323625	1	1	4	0	0.581000	-0.491628	0.508372	-0.491628	0.508372	0	-0.600000	0.400000	-0.600000	0.400000	0	0.983012	0.565599	0.565599	0.288889	0.288889	11	15
CTDSALbin1	SILCATbin1	0.454938	0.454938	0.454938	1	1	4	0	0.218000	0.737495	0.262505	0.737495	0.262505	0	0.800000	0.200000	0.800000	0.200000	0	0.767813	0.503134	0.503134	0.220339	0.220339	11	16
CTDSALbin1	NO2+NO3bin1	0.454938	0.454938	0.454938	1	1	4	0	0.201000	0.771542	0.228458	0.771542	0.228458	0	0.800000	0.200000	0.800000	0.200000	0	0.767813	0.473381	0.473381	0.220339	0.220339	11	17
CTDSALbin1	PHSPHTbin1	0.454938	0.454938	0.454938	1	1	4	0	0.201000	0.731721	0.268279	0.731721	0.268279	0	0.800000	0.200000	0.800000	0.200000	0	0.767813	0.506316	0.506316	0.220339	0.220339	11	18
CTDSALbin1	CTDTMPbin2	0.454938	0.454938	0.454938	1	1	4	0	0.212000	0.991319	0.008681	0.991319	0.008681	0	0.800000	0.200000	0.800000	0.200000	0	0.767813	0.131861	0.131861	0.220339	0.220339	11	19
CTDSALbin1	CTDSALbin2	0.268771	0.268771	0.268771	4	4	1	0	0.803000	0.473833	0.526167	0.473833	0.526167	0	0.400000	0.600000	0.400000	0.600000	0	0.983012	0.573546	0.573546	0.301974	0.301974	11	20
CTDSALbin1	CTDOXYbin2	0.268771	0.268771	0.268771	4	4	1	0	0.801000	0.451349	0.548651	0.451349	0.548651	0	0.400000	0.600000	0.400000	0.600000	0	0.983012	0.578222	0.578222	0.301974	0.301974	11	21
CTDSALbin1	THETAbin2	0.586251	0.586251	0.586251	1	1	4	0	0.090000	0.992686	0.007314	0.992686	0.007314	0	1.000000	0.000000	1.000000	0.000000	0	0.767813	0.120164	0.120164	0.000000	0.000000	11	22
CTDSALbin1	SALNTYbin2	0.105261	0.105261	0.105261	1	1	4	0	1.000000	0.632032	0.564442	0.632032	0.564442	0	0.500000	0.666667	0.500000	0.666667	0	1.000000	0.584363	0.584363	0.301974	0.301974	11	23
CTDSALbin1	OXYGENbin2	0.227469	0.227469	0.227469	1	1	4	0	0.342000	0.733988	0.475313	0.733988	0.475313	0	0.500000	0.666667	0.500000	0.666667	0	0.767813	0.565599	0.565599	0.301974	0.301974	11	24
CTDSALbin1	SILCATbin2	-0.454938	-0.454938	-0.454938	1	1	4	0	0.276000	-0.913632	0.086368	-0.913632	0.086368	0	-0.800000	0.200000	-0.800000	0.200000	0	0.767813	0.328342	0.328342	0.220339	0.220339	11	25
CTDSALbin1	NO2+NO3bin2	-0.454938	-0.454938	-0.454938	1	1	4	0	0.295000	-0.790758	0.209242	-0.790758	0.209242	0	-0.800000	0.200000	-0.800000	0.200000	0	0.767813	0.458339	0.458339	0.220339	0.220339	11	26
CTDSALbin1	PHSPHTbin2	-0.325322	-0.325322	-0.325322	2	2	3	0	0.465000	-0.503599	0.496401	-0.503599	0.496401	0	-0.400000	0.600000	-0.400000	0.600000	0	0.983012	0.565599	0.565599	0.301974	0.301974	11	27
CTDOXYbin1	THETAbin1	-0.268771	-0.268771	-0.268771	4	4	1	0	0.790000	-0.305755	0.694245	-0.305755	0.694245	0	-0.400000	0.600000	-0.400000	0.600000	0	0.983012	0.602376	0.602376	0.301974	0.301974	12	13
CTDOXYbin1	SALNTYbin1	0.454938	0.454938	0.454938	1	1	4	0	0.206000	0.869089	0.130911	0.869089	0.130911	0	0.800000	0.200000	0.800000	0.200000	0	0.767813	0.404615	0.404615	0.220339	0.220339	12	14
CTDOXYbin1	OXYGENbin1	0.323625	0.323625	0.323625	1	1	4	0	0.566000	0.696850	0.303150	0.696850	0.303150	0	0.600000	0.400000	0.600000	0.400000	0	0.983012	0.535485	0.535485	0.288889	0.288889	12	15
CTDOXYbin1	SILCATbin1	-0.454938	-0.454938	-0.454938	1	1	4	0	0.297000	-0.625559	0.374441	-0.625559	0.374441	0	-0.800000	0.200000	-0.800000	0.200000	0	0.767813	0.556912	0.556912	0.220339	0.220339	12	16
CTDOXYbin1	NO2+NO3bin1	-0.454938	-0.454938	-0.454938	1	1	4	0	0.297000	-0.657423	0.342577	-0.657423	0.342577	0	-0.800000	0.200000	-0.800000	0.200000	0	0.767813	0.556547	0.556547	0.220339	0.220339	12	17
CTDOXYbin1	PHSPHTbin1	-0.454938	-0.454938	-0.454938	1	1	4	0	0.301000	-0.634122	0.365878	-0.634122	0.365878	0	-0.800000	0.200000	-0.800000	0.200000	0	0.767813	0.556912	0.556912	0.220339	0.220339	12	18
CTDOXYbin1	CTDTMPbin2	-0.454938	-0.454938	-0.454938	1	1	4	0	0.273000	-0.932809	0.067191	-0.932809	0.067191	0	-0.800000	0.200000	-0.800000	0.200000	0	0.767813	0.324668	0.324668	0.220339	0.220339	12	19
CTDOXYbin1	CTDSALbin2	-0.268771	-0.268771	-0.268771	4	4	1	0	0.760000	-0.360843	0.639157	-0.360843	0.639157	0	-0.400000	0.600000	-0.400000	0.600000	0	0.983012	0.593005	0.593005	0.301974	0.301974	12	20
CTDOXYbin1	CTDOXYbin2	-0.268771	-0.268771	-0.268771	4	4	1	0	0.810000	-0.298102	0.701898	-0.298102	0.701898	0	-0.400000	0.600000	-0.400000	0.600000	0	0.983012	0.602376	0.602376	0.301974	0.301974	12	21
CTDOXYbin1	THETAbin2	-0.586251	-0.586251	-0.586251	1	1	4	0	0.066000	-0.933287	0.066713	-0.933287	0.066713	0	-1.000000	0.000000	-1.000000	0.000000	0	0.767813	0.324668	0.324668	0.000000	0.000000	12	22
CTDOXYbin1	SALNTYbin2	-0.105261	-0.105261	-0.105261	1	1	4	0	1.000000	-0.533984	0.641389	-0.533984	0.641389	0	-0.500000	0.666667	-0.500000	0.666667	0	1.000000	0.593005	0.593005	0.301974	0.301974	12	23
CTDOXYbin1	OXYGENbin2	-0.227469	-0.227469	-0.227469	1	1	4	0	0.513000	-0.603943	0.587191	-0.603943	0.587191	0	-0.500000	0.666667	-0.500000	0.666667	0	0.983012	0.585654	0.585654	0.301974	0.301974	12	24
CTDOXYbin1	SILCATbin2	0.454938	0.454938	0.454938	1	1	4	0	0.328000	0.955496	0.044504	0.955496	0.044504	0	0.800000	0.200000	0.800000	0.200000	0	0.767813	0.319870	0.319870	0.220339	0.220339	12	25
CTDOXYbin1	NO2+NO3bin2	0.454938	0.454938	0.454938	1	1	4	0	0.329000	0.761167	0.238833	0.761167	0.238833	0	0.800000	0.200000	0.800000	0.200000	0	0.767813	0.478364	0.478364	0.220339	0.220339	12	26
CTDOXYbin1	PHSPHTbin2	0.325322	0.325322	0.325322	2	2	3	0	0.445000	0.493399	0.506601	0.493399	0.506601	0	0.400000	0.600000	0.400000	0.600000	0	0.958252	0.565599	0.565599	0.301974	0.301974	12	27
THETAbin1	SALNTYbin1	0.161812	0.161812	0.161812	2	2	2	0	1.000000	-0.316338	0.683662	-0.316338	0.683662	0	0.000000	1.000000	0.000000	1.000000	0	1.000000	0.602376	0.602376	0.377907	0.377907	13	14
THETAbin1	OXYGENbin1	-0.268771	-0.268771	-0.268771	1	1	1	0	0.868000	-0.204937	0.795063	-0.204937	0.795063	0	-0.400000	0.600000	-0.400000	0.600000	0	0.983012	0.615444	0.615444	0.301974	0.301974	13	15
THETAbin1	SILCATbin1	0.488833	0.488833	0.488833	1	1	4	0	0.186000	0.923706	0.076294	0.923706	0.076294	0	0.800000	0.200000	0.800000	0.200000	0	0.767813	0.324954	0.324954	0.220339	0.220339	13	16
THETAbin1	NO2+NO3bin1	0.488833	0.488833	0.488833	1	1	4	0	0.162000	0.913099	0.086901	0.913099	0.086901	0	0.800000	0.200000	0.800000	0.200000	0	0.767813	0.328342	0.328342	0.220339	0.220339	13	17
THETAbin1	PHSPHTbin1	0.488833	0.488833	0.488833	1	1	4	0	0.163000	0.911147	0.088853	0.911147	0.088853	0	0.800000	0.200000	0.800000	0.200000	0	0.767813	0.329618	0.329618	0.220339	0.220339	13	18
THETAbin1	CTDTMPbin2	0.488833	0.488833	0.488833	1	1	4	0	0.166000	0.598625	0.401375	0.598625	0.401375	0	0.800000	0.200000	0.800000	0.200000	0	0.767813	0.556912	0.556912	0.220339	0.220339	13	19
THETAbin1	CTDSALbin2	0.586251	0.586251	0.586251	1	1	4	0	0.090000	0.951032	0.048968	0.951032	0.048968	0	1.000000	0.000000	1.000000	0.000000	0	0.767813	0.324668	0.324668	0.000000	0.000000	13	20
THETAbin1	CTDOXYbin2	0.586251	0.586251	0.586251	1	1	4	0	0.087000	0.981387	0.018613	0.981387	0.018613	0	1.000000	0.000000	1.000000	0.000000	0	0.767813	0.214051	0.214051	0.000000	0.000000	13	21
THETAbin1	THETAbin2	0.268771	0.268771	0.268771	4	4	1	0	0.807000	0.593111	0.406889	0.593111	0.406889	0	0.400000	0.600000	0.400000	0.600000	0	0.983012	0.557050	0.557050	0.301974	0.301974	13	22
THETAbin1	SALNTYbin2	0.174839	0.174839	0.174839	1	1	2	0	0.815000	0.717921	0.490188	0.717921	0.490188	0	0.500000	0.666667	0.500000	0.666667	0	0.983012	0.565599	0.565599	0.301974	0.301974	13	23
THETAbin1	OXYGENbin2	0.349677	0.349677	0.349677	1	1	4	0	0.162000	0.961697	0.176769	0.961697	0.176769	0	1.000000	0.000000	1.000000	0.000000	0	0.767813	0.446780	0.446780	0.000000	0.000000	13	24
THETAbin1	SILCATbin2	-0.488833	-0.488833	-0.488833	1	1	4	0	0.174000	-0.511126	0.488874	-0.511126	0.488874	0	-0.800000	0.200000	-0.800000	0.200000	0	0.767813	0.565599	0.565599	0.220339	0.220339	13	25
THETAbin1	NO2+NO3bin2	-0.488833	-0.488833	-0.488833	1	1	4	0	0.177000	-0.792047	0.207953	-0.792047	0.207953	0	-0.800000	0.200000	-0.800000	0.200000	0	0.767813	0.458339	0.458339	0.220339	0.220339	13	26
THETAbin1	PHSPHTbin2	0.349677	0.349677	0.349677	1	1	2	0	0.535000	0.356225	0.643775	0.356225	0.643775	0	0.400000	0.600000	0.400000	0.600000	0	0.983012	0.593005	0.593005	0.301974	0.301974	13	27
SALNTYbin1	OXYGENbin1	0.454938	0.454938	0.454938	1	1	4	0	0.350000	0.957867	0.042133	0.957867	0.042133	0	0.800000	0.200000	0.800000	0.200000	0	0.767813	0.314573	0.314573	0.220339	0.220339	14	15
SALNTYbin1	SILCATbin1	-0.323625	-0.323625	-0.323625	1	1	4	0	0.579000	-0.648463	0.351537	-0.648463	0.351537	0	-0.600000	0.400000	-0.600000	0.400000	0	0.983012	0.556912	0.556912	0.288889	0.288889	14	16
SALNTYbin1	NO2+NO3bin1	-0.323625	-0.323625	-0.323625	1	1	4	0	0.560000	-0.656273	0.343727	-0.656273	0.343727	0	-0.600000	0.400000	-0.600000	0.400000	0	0.983012	0.556547	0.556547	0.288889	0.288889	14	17
SALNTYbin1	PHSPHTbin1	-0.323625	-0.323625	-0.323625	1	1	4	0	0.593000	-0.676859	0.323141	-0.676859	0.323141	0	-0.600000	0.400000	-0.600000	0.400000	0	0.983012	0.542500	0.542500	0.288889	0.288889	14	18
SALNTYbin1	CTDTMPbin2	-0.323625	-0.323625	-0.323625	1	1	4	0	0.584000	-0.756065	0.243935	-0.756065	0.243935	0	-0.600000	0.400000	-0.600000	0.400000	0	0.983012	0.483664	0.483664	0.288889	0.288889	14	19
SALNTYbin1	CTDSALbin2	0.161812	0.161812	0.161812	2	2	2	0	1.000000	-0.508180	0.491820	-0.508180	0.491820	0	0.000000	1.000000	0.000000	1.000000	0	1.000000	0.565599	0.565599	0.377907	0.377907	14	20
SALNTYbin1	CTDOXYbin2	0.161812	0.161812	0.161812	2	2	2	0	1.000000	-0.403217	0.596783	-0.403217	0.596783	0	0.000000	1.000000	0.000000	1.000000	0	1.000000	0.585654	0.585654	0.377907	0.377907	14	21
SALNTYbin1	THETAbin2	-0.454938	-0.454938	-0.454938	1	1	4	0	0.301000	-0.751319	0.248681	-0.751319	0.248681	0	-0.800000	0.200000	-0.800000	0.200000	0	0.767813	0.484716	0.484716	0.220339	0.220339	14	22
SALNTYbin1	SALNTYbin2	-0.227469	-0.227469	-0.227469	1	1	4	0	0.488000	-0.793863	0.416133	-0.793863	0.416133	0	-0.500000	0.666667	-0.500000	0.666667	0	0.983012	0.559940	0.559940	0.301974	0.301974	14	23
SALNTYbin1	OXYGENbin2	-0.105261	-0.105261	-0.105261	1	1	4	0	1.000000	-0.782630	0.427756	-0.782630	0.427756	0	-0.500000	0.666667	-0.500000	0.666667	0	1.000000	0.565424	0.565424	0.301974	0.301974	14	24
SALNTYbin1	SILCATbin2	0.323625	0.323625	0.323625	1	1	4	0	0.577000	0.933492	0.066508	0.933492	0.066508	0	0.600000	0.400000	0.600000	0.400000	0	0.983012	0.324668	0.324668	0.288889	0.288889	14	25
SALNTYbin1	NO2+NO3bin2	0.323625	0.323625	0.323625	1	1	4	0	0.554000	0.827903	0.172097	0.827903	0.172097	0	0.600000	0.400000	0.600000	0.400000	0	0.983012	0.444744	0.444744	0.288889	0.288889	14	26
SALNTYbin1	PHSPHTbin2	0.268771	0.268771	0.268771	2	2	1	0	0.660000	0.062302	0.937698	0.062302	0.937698	0	0.200000	0.800000	0.200000	0.800000	0	0.983012	0.638078	0.638078	0.327044	0.327044	14	27
OXYGENbin1	SILCATbin1	-0.454938	-0.454938	-0.454938	1	1	4	0	0.272000	-0.522545	0.477455	-0.522545	0.477455	0	-0.800000	0.200000	-0.800000	0.200000	0	0.767813	0.565599	0.565599	0.220339	0.220339	15	16
OXYGENbin1	NO2+NO3bin1	-0.454938	-0.454938	-0.454938	1	1	4	0	0.301000	-0.517595	0.482405	-0.517595	0.482405	0	-0.800000	0.200000	-0.800000	0.200000	0	0.767813	0.565599	0.565599	0.220339	0.220339	15	17
OXYGENbin1	PHSPHTbin1	-0.454938	-0.454938	-0.454938	1	1	4	0	0.292000	-0.560440	0.439560	-0.560440	0.439560	0	-0.800000	0.200000	-0.800000	0.200000	0	0.767813	0.565599	0.565599	0.220339	0.220339	15	18
OXYGENbin1	CTDTMPbin2	-0.454938	-0.454938	-0.454938	1	1	4	0	0.280000	-0.542038	0.457962	-0.542038	0.457962	0	-0.800000	0.200000	-0.800000	0.200000	0	0.767813	0.565599	0.565599	0.220339	0.220339	15	19
OXYGENbin1	CTDSALbin2	-0.268771	-0.268771	-0.268771	1	1	1	0	0.919000	-0.459214	0.540786	-0.459214	0.540786	0	-0.400000	0.600000	-0.400000	0.600000	0	0.983012	0.574283	0.574283	0.301974	0.301974	15	20
OXYGENbin1	CTDOXYbin2	-0.268771	-0.268771	-0.268771	1	1	1	0	0.927000	-0.337467	0.662533	-0.337467	0.662533	0	-0.400000	0.600000	-0.400000	0.600000	0	0.983012	0.595657	0.595657	0.301974	0.301974	15	21
OXYGENbin1	THETAbin2	-0.323625	-0.323625	-0.323625	1	1	4	0	0.570000	-0.535357	0.464643	-0.535357	0.464643	0	-0.600000	0.400000	-0.600000	0.400000	0	0.983012	0.565599	0.565599	0.288889	0.288889	15	22
OXYGENbin1	SALNTYbin2	-0.349677	-0.349677	-0.349677	1	1	4	0	0.156000	-0.830765	0.375806	-0.830765	0.375806	0	-1.000000	0.000000	-1.000000	0.000000	0	0.767813	0.556912	0.556912	0.000000	0.000000	15	23
OXYGENbin1	OXYGENbin2	-0.227469	-0.227469	-0.227469	1	1	4	0	0.342000	-0.855884	0.346027	-0.855884	0.346027	0	-1.000000	0.000000	-1.000000	0.000000	0	0.767813	0.556547	0.556547	0.000000	0.000000	15	24
OXYGENbin1	SILCATbin2	0.454938	0.454938	0.454938	1	1	4	0	0.214000	0.796366	0.203634	0.796366	0.203634	0	0.800000	0.200000	0.800000	0.200000	0	0.767813	0.457712	0.457712	0.220339	0.220339	15	25
OXYGENbin1	NO2+NO3bin2	0.454938	0.454938	0.454938	1	1	4	0	0.208000	0.722498	0.277502	0.722498	0.277502	0	0.800000	0.200000	0.800000	0.200000	0	0.767813	0.511456	0.511456	0.220339	0.220339	15	26
OXYGENbin1	PHSPHTbin2	-0.268771	-0.268771	-0.268771	1	1	3	0	0.905000	-0.144809	0.855191	-0.144809	0.855191	0	-0.400000	0.600000	-0.400000	0.600000	0	0.983012	0.626452	0.626452	0.301974	0.301974	15	27
SILCATbin1	NO2+NO3bin1	0.586251	0.586251	0.586251	1	1	4	0	0.075000	0.998537	0.001463	0.998537	0.001463	0	1.000000	0.000000	1.000000	0.000000	0	0.767813	0.048056	0.048056	0.000000	0.000000	16	17
SILCATbin1	PHSPHTbin1	0.586251	0.586251	0.586251	1	1	4	0	0.087000	0.998854	0.001146	0.998854	0.001146	0	1.000000	0.000000	1.000000	0.000000	0	0.767813	0.043940	0.043940	0.000000	0.000000	16	18
SILCATbin1	CTDTMPbin2	0.586251	0.586251	0.586251	1	1	4	0	0.101000	0.817699	0.182301	0.817699	0.182301	0	1.000000	0.000000	1.000000	0.000000	0	0.767813	0.447293	0.447293	0.000000	0.000000	16	19
SILCATbin1	CTDSALbin2	0.488833	0.488833	0.488833	1	1	4	0	0.168000	0.944003	0.055997	0.944003	0.055997	0	0.800000	0.200000	0.800000	0.200000	0	0.767813	0.324668	0.324668	0.220339	0.220339	16	20
SILCATbin1	CTDOXYbin2	0.488833	0.488833	0.488833	1	1	4	0	0.150000	0.930724	0.069276	0.930724	0.069276	0	0.800000	0.200000	0.800000	0.200000	0	0.767813	0.324668	0.324668	0.220339	0.220339	16	21
SILCATbin1	THETAbin2	0.454938	0.454938	0.454938	1	1	4	0	0.195000	0.812145	0.187855	0.812145	0.187855	0	0.800000	0.200000	0.800000	0.200000	0	0.767813	0.447293	0.447293	0.220339	0.220339	16	22
SILCATbin1	SALNTYbin2	0.227469	0.227469	0.227469	1	1	4	0	0.514000	0.963766	0.171898	0.963766	0.171898	0	1.000000	0.000000	1.000000	0.000000	0	0.983012	0.444744	0.444744	0.000000	0.000000	16	23
SILCATbin1	OXYGENbin2	0.349677	0.349677	0.349677	1	1	4	0	0.157000	1.000000	0.000132	1.000000	0.000132	0	1.000000	0.000000	1.000000	0.000000	0	0.767813	0.006079	0.006079	0.000000	0.000000	16	24
SILCATbin1	SILCATbin2	-0.586251	-0.586251	-0.586251	1	1	4	0	0.080000	-0.798654	0.201346	-0.798654	0.201346	0	-1.000000	0.000000	-1.000000	0.000000	0	0.767813	0.457712	0.457712	0.000000	0.000000	16	25
SILCATbin1	NO2+NO3bin2	-0.586251	-0.586251	-0.586251	1	1	4	0	0.073000	-0.963779	0.036221	-0.963779	0.036221	0	-1.000000	0.000000	-1.000000	0.000000	0	0.767813	0.287267	0.287267	0.000000	0.000000	16	26
SILCATbin1	PHSPHTbin2	0.268771	0.268771	0.268771	1	1	1	0	0.924000	0.190420	0.809580	0.190420	0.809580	0	0.200000	0.800000	0.200000	0.800000	0	0.983012	0.620678	0.620678	0.327044	0.327044	16	27
NO2+NO3bin1	PHSPHTbin1	0.586251	0.586251	0.586251	1	1	4	0	0.078000	0.996315	0.003685	0.996315	0.003685	0	1.000000	0.000000	1.000000	0.000000	0	0.767813	0.084755	0.084755	0.000000	0.000000	17	18
NO2+NO3bin1	CTDTMPbin2	0.586251	0.586251	0.586251	1	1	4	0	0.081000	0.845977	0.154023	0.845977	0.154023	0	1.000000	0.000000	1.000000	0.000000	0	0.767813	0.416768	0.416768	0.000000	0.000000	17	19
NO2+NO3bin1	CTDSALbin2	0.488833	0.488833	0.488833	1	1	4	0	0.188000	0.925185	0.074815	0.925185	0.074815	0	0.800000	0.200000	0.800000	0.200000	0	0.767813	0.324668	0.324668	0.220339	0.220339	17	20
NO2+NO3bin1	CTDOXYbin2	0.488833	0.488833	0.488833	1	1	4	0	0.167000	0.912918	0.087082	0.912918	0.087082	0	0.800000	0.200000	0.800000	0.200000	0	0.767813	0.328342	0.328342	0.220339	0.220339	17	21
NO2+NO3bin1	THETAbin2	0.454938	0.454938	0.454938	1	1	4	0	0.188000	0.840941	0.159059	0.840941	0.159059	0	0.800000	0.200000	0.800000	0.200000	0	0.767813	0.425391	0.425391	0.220339	0.220339	17	22
NO2+NO3bin1	SALNTYbin2	0.227469	0.227469	0.227469	1	1	4	0	0.520000	0.971143	0.153310	0.971143	0.153310	0	1.000000	0.000000	1.000000	0.000000	0	0.983012	0.416768	0.416768	0.000000	0.000000	17	23
NO2+NO3bin1	OXYGENbin2	0.349677	0.349677	0.349677	1	1	4	0	0.176000	0.998632	0.033298	0.998632	0.033298	0	1.000000	0.000000	1.000000	0.000000	0	0.767813	0.287267	0.287267	0.000000	0.000000	17	24
NO2+NO3bin1	SILCATbin2	-0.586251	-0.586251	-0.586251	1	1	4	0	0.080000	-0.817142	0.182858	-0.817142	0.182858	0	-1.000000	0.000000	-1.000000	0.000000	0	0.767813	0.447293	0.447293	0.000000	0.000000	17	25
NO2+NO3bin1	NO2+NO3bin2	-0.586251	-0.586251	-0.586251	1	1	4	0	0.084000	-0.965002	0.034998	-0.965002	0.034998	0	-1.000000	0.000000	-1.000000	0.000000	0	0.767813	0.287267	0.287267	0.000000	0.000000	17	26
NO2+NO3bin1	PHSPHTbin2	0.268771	0.268771	0.268771	1	1	1	0	0.909000	0.137102	0.862898	0.137102	0.862898	0	0.200000	0.800000	0.200000	0.800000	0	0.983012	0.626452	0.626452	0.327044	0.327044	17	27
PHSPHTbin1	CTDTMPbin2	0.586251	0.586251	0.586251	1	1	4	0	0.076000	0.813938	0.186062	0.813938	0.186062	0	1.000000	0.000000	1.000000	0.000000	0	0.767813	0.447293	0.447293	0.000000	0.000000	18	19
PHSPHTbin1	CTDSALbin2	0.488833	0.488833	0.488833	1	1	4	0	0.191000	0.946325	0.053675	0.946325	0.053675	0	0.800000	0.200000	0.800000	0.200000	0	0.767813	0.324668	0.324668	0.220339	0.220339	18	20
PHSPHTbin1	CTDOXYbin2	0.488833	0.488833	0.488833	1	1	4	0	0.177000	0.926883	0.073117	0.926883	0.073117	0	0.800000	0.200000	0.800000	0.200000	0	0.767813	0.324668	0.324668	0.220339	0.220339	18	21
PHSPHTbin1	THETAbin2	0.454938	0.454938	0.454938	1	1	4	0	0.220000	0.808046	0.191954	0.808046	0.191954	0	0.800000	0.200000	0.800000	0.200000	0	0.767813	0.448827	0.448827	0.220339	0.220339	18	22
PHSPHTbin1	SALNTYbin2	0.227469	0.227469	0.227469	1	1	4	0	0.468000	0.974363	0.144465	0.974363	0.144465	0	1.000000	0.000000	1.000000	0.000000	0	0.983012	0.405207	0.405207	0.000000	0.000000	18	23
PHSPHTbin1	OXYGENbin2	0.349677	0.349677	0.349677	1	1	4	0	0.159000	0.999989	0.002927	0.999989	0.002927	0	1.000000	0.000000	1.000000	0.000000	0	0.767813	0.074793	0.074793	0.000000	0.000000	18	24
PHSPHTbin1	SILCATbin2	-0.586251	-0.586251	-0.586251	1	1	4	0	0.096000	-0.811359	0.188641	-0.811359	0.188641	0	-1.000000	0.000000	-1.000000	0.000000	0	0.767813	0.447293	0.447293	0.000000	0.000000	18	25
PHSPHTbin1	NO2+NO3bin2	-0.586251	-0.586251	-0.586251	1	1	4	0	0.084000	-0.973115	0.026885	-0.973115	0.026885	0	-1.000000	0.000000	-1.000000	0.000000	0	0.767813	0.263651	0.263651	0.000000	0.000000	18	26
PHSPHTbin1	PHSPHTbin2	0.268771	0.268771	0.268771	1	1	1	0	0.921000	0.208189	0.791811	0.208189	0.791811	0	0.200000	0.800000	0.200000	0.800000	0	0.983012	0.615444	0.615444	0.327044	0.327044	18	27
CTDTMPbin2	CTDSALbin2	0.488833	0.488833	0.488833	1	1	4	0	0.169000	0.583229	0.416771	0.583229	0.416771	0	0.800000	0.200000	0.800000	0.200000	0	0.767813	0.559940	0.559940	0.220339	0.220339	19	20
CTDTMPbin2	CTDOXYbin2	0.488833	0.488833	0.488833	1	1	4	0	0.178000	0.557696	0.442304	0.557696	0.442304	0	0.800000	0.200000	0.800000	0.200000	0	0.767813	0.565599	0.565599	0.220339	0.220339	19	21
CTDTMPbin2	THETAbin2	0.454938	0.454938	0.454938	1	1	4	0	0.243000	0.999934	0.000066	0.999934	0.000066	0	0.800000	0.200000	0.800000	0.200000	0	0.767813	0.003812	0.003812	0.220339	0.220339	19	22
CTDTMPbin2	SALNTYbin2	0.227469	0.227469	0.227469	1	1	4	0	0.493000	0.815742	0.392657	0.815742	0.392657	0	1.000000	0.000000	1.000000	0.000000	0	0.983012	0.556912	0.556912	0.000000	0.000000	19	23
CTDTMPbin2	OXYGENbin2	0.349677	0.349677	0.349677	1	1	4	0	0.183000	0.811664	0.397124	0.811664	0.397124	0	1.000000	0.000000	1.000000	0.000000	0	0.767813	0.556912	0.556912	0.000000	0.000000	19	24
CTDTMPbin2	SILCATbin2	-0.586251	-0.586251	-0.586251	1	1	4	0	0.085000	-0.939909	0.060091	-0.939909	0.060091	0	-1.000000	0.000000	-1.000000	0.000000	0	0.767813	0.324668	0.324668	0.000000	0.000000	19	25
CTDTMPbin2	NO2+NO3bin2	-0.586251	-0.586251	-0.586251	1	1	4	0	0.094000	-0.863094	0.136906	-0.863094	0.136906	0	-1.000000	0.000000	-1.000000	0.000000	0	0.767813	0.404615	0.404615	0.000000	0.000000	19	26
CTDTMPbin2	PHSPHTbin2	0.268771	0.268771	0.268771	1	1	1	0	0.924000	-0.385786	0.614214	-0.385786	0.614214	0	0.200000	0.800000	0.200000	0.800000	0	0.983012	0.588621	0.588621	0.327044	0.327044	19	27
CTDSALbin2	CTDOXYbin2	0.586251	0.586251	0.586251	1	1	4	0	0.071000	0.990827	0.009173	0.990827	0.009173	0	1.000000	0.000000	1.000000	0.000000	0	0.767813	0.131861	0.131861	0.000000	0.000000	20	21
CTDSALbin2	THETAbin2	0.268771	0.268771	0.268771	4	4	1	0	0.807000	0.575196	0.424804	0.575196	0.424804	0	0.400000	0.600000	0.400000	0.600000	0	0.983012	0.564769	0.564769	0.301974	0.301974	20	22
CTDSALbin2	SALNTYbin2	0.174839	0.174839	0.174839	1	1	2	0	0.829000	0.887418	0.304994	0.887418	0.304994	0	0.500000	0.666667	0.500000	0.666667	0	0.983012	0.535485	0.535485	0.301974	0.301974	20	23
CTDSALbin2	OXYGENbin2	0.349677	0.349677	0.349677	1	1	4	0	0.159000	0.941534	0.218769	0.941534	0.218769	0	1.000000	0.000000	1.000000	0.000000	0	0.767813	0.470035	0.470035	0.000000	0.000000	20	24
CTDSALbin2	SILCATbin2	-0.488833	-0.488833	-0.488833	1	1	4	0	0.175000	-0.603326	0.396674	-0.603326	0.396674	0	-0.800000	0.200000	-0.800000	0.200000	0	0.767813	0.556912	0.556912	0.220339	0.220339	20	25
CTDSALbin2	NO2+NO3bin2	-0.488833	-0.488833	-0.488833	1	1	4	0	0.166000	-0.875877	0.124123	-0.875877	0.124123	0	-0.800000	0.200000	-0.800000	0.200000	0	0.767813	0.396505	0.396505	0.220339	0.220339	20	26
CTDSALbin2	PHSPHTbin2	0.349677	0.349677	0.349677	1	1	2	0	0.484000	0.498677	0.501323	0.498677	0.501323	0	0.400000	0.600000	0.400000	0.600000	0	0.983012	0.565599	0.565599	0.301974	0.301974	20	27
CTDOXYbin2	THETAbin2	0.268771	0.268771	0.268771	4	4	1	0	0.779000	0.550389	0.449611	0.550389	0.449611	0	0.400000	0.600000	0.400000	0.600000	0	0.983012	0.565599	0.565599	0.301974	0.301974	21	22
CTDOXYbin2	SALNTYbin2	0.174839	0.174839	0.174839	1	1	2	0	0.832000	0.812303	0.396427	0.812303	0.396427	0	0.500000	0.666667	0.500000	0.666667	0	0.983012	0.556912	0.556912	0.301974	0.301974	21	23
CTDOXYbin2	OXYGENbin2	0.349677	0.349677	0.349677	1	1	4	0	0.180000	0.934668	0.231394	0.934668	0.231394	0	1.000000	0.000000	1.000000	0.000000	0	0.767813	0.475185	0.475185	0.000000	0.000000	21	24
CTDOXYbin2	SILCATbin2	-0.488833	-0.488833	-0.488833	1	1	4	0	0.176000	-0.535358	0.464642	-0.535358	0.464642	0	-0.800000	0.200000	-0.800000	0.200000	0	0.767813	0.565599	0.565599	0.220339	0.220339	21	25
CTDOXYbin2	NO2+NO3bin2	-0.488833	-0.488833	-0.488833	1	1	4	0	0.161000	-0.828956	0.171044	-0.828956	0.171044	0	-0.800000	0.200000	-0.800000	0.200000	0	0.767813	0.444744	0.444744	0.220339	0.220339	21	26
CTDOXYbin2	PHSPHTbin2	0.349677	0.349677	0.349677	1	1	2	0	0.502000	0.482954	0.517046	0.482954	0.517046	0	0.400000	0.600000	0.400000	0.600000	0	0.983012	0.570397	0.570397	0.301974	0.301974	21	27
THETAbin2	SALNTYbin2	0.105261	0.105261	0.105261	1	1	4	0	1.000000	0.805242	0.404071	0.805242	0.404071	0	0.500000	0.666667	0.500000	0.666667	0	1.000000	0.556912	0.556912	0.301974	0.301974	22	23
THETAbin2	OXYGENbin2	0.227469	0.227469	0.227469	1	1	4	0	0.349000	0.806507	0.402711	0.806507	0.402711	0	0.500000	0.666667	0.500000	0.666667	0	0.767813	0.556912	0.556912	0.301974	0.301974	22	24
THETAbin2	SILCATbin2	-0.454938	-0.454938	-0.454938	1	1	4	0	0.305000	-0.937179	0.062821	-0.937179	0.062821	0	-0.800000	0.200000	-0.800000	0.200000	0	0.767813	0.324668	0.324668	0.220339	0.220339	22	25
THETAbin2	NO2+NO3bin2	-0.454938	-0.454938	-0.454938	1	1	4	0	0.264000	-0.857258	0.142742	-0.857258	0.142742	0	-0.800000	0.200000	-0.800000	0.200000	0	0.767813	0.405207	0.405207	0.220339	0.220339	22	26
THETAbin2	PHSPHTbin2	-0.325322	-0.325322	-0.325322	2	2	3	0	0.462000	-0.395962	0.604038	-0.395962	0.604038	0	-0.400000	0.600000	-0.400000	0.600000	0	0.982800	0.585654	0.585654	0.301974	0.301974	22	27
SALNTYbin2	OXYGENbin2	0.113734	0.113734	0.113734	1	1	4	0	0.816000	1.000000	0.000000	1.000000	0.000000	0	1.000000	nan	1.000000	nan	0	0.983012	0.000000	0.000000	nan	nan	23	24
SALNTYbin2	SILCATbin2	-0.227469	-0.227469	-0.227469	1	1	4	0	0.339000	-0.821043	0.386785	-0.821043	0.386785	0	-1.000000	0.000000	-1.000000	0.000000	0	0.767813	0.556912	0.556912	0.000000	0.000000	23	25
SALNTYbin2	NO2+NO3bin2	-0.227469	-0.227469	-0.227469	1	1	4	0	0.340000	-0.997783	0.042399	-0.997783	0.042399	0	-1.000000	0.000000	-1.000000	0.000000	0	0.767813	0.314573	0.314573	0.000000	0.000000	23	26
SALNTYbin2	PHSPHTbin2	0.227469	0.227469	0.227469	1	1	4	0	0.549000	0.719510	0.488733	0.719510	0.488733	0	0.500000	0.666667	0.500000	0.666667	0	0.983012	0.565599	0.565599	0.301974	0.301974	23	27
OXYGENbin2	SILCATbin2	-0.349677	-0.349677	-0.349677	1	1	4	0	0.183000	-0.817728	0.390466	-0.817728	0.390466	0	-1.000000	0.000000	-1.000000	0.000000	0	0.767813	0.556912	0.556912	0.000000	0.000000	24	25
OXYGENbin2	NO2+NO3bin2	-0.349677	-0.349677	-0.349677	1	1	4	0	0.165000	-0.989307	0.093181	-0.989307	0.093181	0	-1.000000	0.000000	-1.000000	0.000000	0	0.767813	0.340185	0.340185	0.000000	0.000000	24	26
OXYGENbin2	PHSPHTbin2	0.174839	0.174839	0.174839	1	1	3	0	0.847000	0.133489	0.914764	0.133489	0.914764	0	0.500000	0.666667	0.500000	0.666667	0	0.983012	0.630198	0.630198	0.301974	0.301974	24	27
SILCATbin2	NO2+NO3bin2	0.586251	0.586251	0.586251	1	1	4	0	0.099000	0.913173	0.086827	0.913173	0.086827	0	1.000000	0.000000	1.000000	0.000000	0	0.767813	0.328342	0.328342	0.000000	0.000000	25	26
SILCATbin2	PHSPHTbin2	-0.268771	-0.268771	-0.268771	1	1	1	0	0.832000	0.221905	0.778095	0.221905	0.778095	0	-0.200000	0.800000	-0.200000	0.800000	0	0.983012	0.615444	0.615444	0.327044	0.327044	25	27
NO2+NO3bin2	PHSPHTbin2	-0.268771	-0.268771	-0.268771	1	1	1	0	0.834000	-0.126300	0.873700	-0.126300	0.873700	0	-0.200000	0.800000	-0.200000	0.800000	0	0.983012	0.626452	0.626452	0.327044	0.327044	26	27
